===== 2021-04-30 17:16:18 CEST ==================
Fetching php-7.4.18.tar.bz2...
Trying from "http://fr.php.net/get/php-7.4.18.tar.bz2/from/this/mirror"...
Making PHP 7.4.18-1 packages for Debian jessie...
Logs will be in debian/8/dist/7.4.18-1/.logs/
Building the 'epi-build-php:jessie-7.4.18' image...
Running the 'epi-build-php-7.4.18_jessie' container:
    docker run -v /home/cedric/www/e/infra-build-php/debian/8/dist/7.4.18-1:/opt/php-mk/dist --name epi-build-php-7.4.18_jessie --rm epi-build-php:jessie-7.4.18
Found source of PHP 7.4.18 in /opt/php-mk/files/
Extracting php-7.4.18 source...
Using option found in 'configure --help': --enable-phpdbg
Using option found in 'configure --help': --enable-phpdbg-readline
Using option found in 'configure --help': --enable-phpdbg-webhelper
Using option found in 'configure --help': --enable-fpm
Using option found in 'configure --help': --with-fpm-systemd
Using option found in 'configure --help': --with-pear=/usr/share/php
Using option found in 'configure --help': --enable-gd
Using option found in 'configure --help': --with-freetype
Using option found in 'configure --help': --with-jpeg
Using option found in 'configure --help': --with-xpm
Using option found in 'configure --help': --with-readline=/usr
Using option found in 'configure --help': --with-zip
Patching file ext/mysql/php_mysql.c
Configuring php-7.4.18 with APCu + ereg + MCrypt + MySQL(shared) + OAuth + SSH2 + wddx...
configure: WARNING: Libzip >= 1.2.0 needed for encryption support
configure: WARNING: The --with-pear option is deprecated
2021-04-30 17:21:45 Building php-7.4.18...
2021-04-30 17:26:17 Testing php-7.4.18...
FAILED TEST SUMMARY
---------------------------------------------------------------------
Test stream_isatty with redirected STDERR [tests/output/stream_isatty_err.phpt]
Test stream_isatty with redirected STDIN/STDERR [tests/output/stream_isatty_in-err.phpt]
Test stream_isatty with redirected STDIN/STDOUT [tests/output/stream_isatty_in-out.phpt]
Test stream_isatty with redirected STDOUT/STDERR [tests/output/stream_isatty_out-err.phpt]
Test stream_isatty with redirected STDOUT [tests/output/stream_isatty_out.phpt]
Bug #78775: TLS issues from HTTP request affecting other encrypted connections [ext/curl/tests/bug78775.phpt]
Test ereg_replace() function : usage variations - unexpected type arg 1 [ext/ereg/tests/ereg_replace_variation_001.phpt]
Test ereg_replace() function : usage variations  - unexpected type arg 2 [ext/ereg/tests/ereg_replace_variation_002.phpt]
Test ereg_replace() function : usage variations - unexpected type arg 3 [ext/ereg/tests/ereg_replace_variation_003.phpt]
Test ereg() function : usage variations  - unexpected type arg 1 [ext/ereg/tests/ereg_variation_001.phpt]
Test ereg() function : usage variations  - unexpected type arg 2 [ext/ereg/tests/ereg_variation_002.phpt]
Test ereg() function : usage variations  - unexpected type for arg 3 [ext/ereg/tests/ereg_variation_003.phpt]
Test ereg() function : usage variations - pass non-variable as arg 3, which is pass-by-ref. [ext/ereg/tests/ereg_variation_004.phpt]
Test eregi_replace() function : usage variations - unexpected type arg 1 [ext/ereg/tests/eregi_replace_variation_001.phpt]
Test eregi_replace() function : usage variations  - unexpected type arg 2 [ext/ereg/tests/eregi_replace_variation_002.phpt]
Test eregi_replace() function : usage variations - unexpected type arg 3 [ext/ereg/tests/eregi_replace_variation_003.phpt]
Test eregi() function : usage variations  - unexpected type arg 1 [ext/ereg/tests/eregi_variation_001.phpt]
Test eregi() function : usage variations  - unexpected type arg 2 [ext/ereg/tests/eregi_variation_002.phpt]
Test eregi() function : usage variations  - unexpected type for arg 3 [ext/ereg/tests/eregi_variation_003.phpt]
Test eregi() function : usage variations - pass non-variable as arg 3, which is pass-by-ref. [ext/ereg/tests/eregi_variation_004.phpt]
Test split() function : error conditions - test bad regular expressions [ext/ereg/tests/split_error_002.phpt]
Test split() function : usage variations  - unexpected type for arg 1 [ext/ereg/tests/split_variation_001.phpt]
Test split() function : usage variations  - unexpected type for arg 2 [ext/ereg/tests/split_variation_002.phpt]
Test split() function : usage variations  - unexpected type for arg 3 [ext/ereg/tests/split_variation_003.phpt]
Test spliti() function : error conditions - test bad regular expressions [ext/ereg/tests/spliti_error_002.phpt]
Test spliti() function : usage variations  - unexpected type for arg 1 [ext/ereg/tests/spliti_variation_001.phpt]
Test spliti() function : usage variations  - unexpected type for arg 2 [ext/ereg/tests/spliti_variation_002.phpt]
Test spliti() function : usage variations  - unexpected type for arg 3 [ext/ereg/tests/spliti_variation_003.phpt]
Test sql_regcase() function : usage variations  - unexpected arg type [ext/ereg/tests/sql_regcase_variation_001.phpt]
PDO MySQL specific class constants [ext/pdo_mysql/tests/pdo_mysql_class_constants.phpt]
Directory class behaviour. [ext/standard/tests/directory/DirectoryClass_error_001-mb.phpt]
Bug #80067 (Omitting the port in bindto setting errors) [ext/standard/tests/network/bug80067.phpt]
Bug #71540 (NULL pointer dereference in xsl_ext_function_php()) [ext/xsl/tests/bug71540.phpt]
ziparchive::addEmptyDir error [ext/zip/tests/oo_addemptydir_error.phpt]
Testing ftell() on std streams [sapi/cli/tests/std_streams.phpt]
FPM: Buffered worker output decorated log with limit 8000 with 4096 msg [sapi/fpm/tests/log-bwd-limit-8000-msg-4096.phpt]
FPM: Direct worker output decorated log with limit 8000 with 4096 msg [sapi/fpm/tests/log-dwd-limit-8000-msg-4096.phpt]
=====================================================================
2021-04-30 17:34:13 Tests of php-7.4.18 completed.
Installing package 'cli'...
Assembling package 'cli'...
Checking   package 'cli': epi-php-7.4-cli_7.4.18-1+deb8_amd64.deb...
Installing package 'pear'...
Removing extra license file doc/epi-php-pear/PEAR/LICENSE.
Removing extra license file doc/epi-php-pear/Structures_Graph/LICENSE.
Assembling package 'pear'...
Checking   package 'pear': epi-php-pear_1.10.12-1_all.deb...
Installing package 'mod'...
Assembling package 'mod'...
Checking   package 'mod': epi-php-7.4-mod_7.4.18-1+deb8_amd64.deb...
Installing package 'fpm'...
Assembling package 'fpm'...
Checking   package 'fpm': epi-php-7.4-fpm_7.4.18-1+deb8_amd64.deb...
Installing package 'phpdbg'...
Assembling package 'phpdbg'...
Checking   package 'phpdbg': epi-php-7.4-phpdbg_7.4.18-1+deb8_amd64.deb...
Installing package 'mysql'...
Assembling package 'mysql'...
Checking   package 'mysql': epi-php-7.4-mysql_7.4.18-1+deb8_amd64.deb...
FAILED to check the following package(s):
    cli
[31mFAILED to make PHP 7.4.18-1 packages for Debian jessie![37m
