
=====================================================================
EXPECTED FAILED TEST SUMMARY
---------------------------------------------------------------------
Test open_basedir configuration [tests/security/open_basedir_linkinfo.phpt]  XFAIL REASON: BUG: open_basedir cannot delete symlink to prohibited file. See also
bugs 48111 and 52176.
Inconsistencies when accessing protected members [Zend/tests/access_modifiers_008.phpt]  XFAIL REASON: Discussion: http://marc.info/?l=php-internals&m=120221184420957&w=2
Inconsistencies when accessing protected members - 2 [Zend/tests/access_modifiers_009.phpt]  XFAIL REASON: Discussion: http://marc.info/?l=php-internals&m=120221184420957&w=2
Bug #48770 (call_user_func_array() fails to call parent from inheriting class) [Zend/tests/bug48770.phpt]  XFAIL REASON: See Bug #48770
Bug #48770 (call_user_func_array() fails to call parent from inheriting class) [Zend/tests/bug48770_2.phpt]  XFAIL REASON: See Bug #48770
Bug #48770 (call_user_func_array() fails to call parent from inheriting class) [Zend/tests/bug48770_3.phpt]  XFAIL REASON: See Bug #48770
Initial value of static var in method depends on the include time of the class definition [Zend/tests/method_static_var.phpt]  XFAIL REASON: Maybe not a bug
DateTime::add() -- fall type2 type3 [ext/date/tests/DateTime_add-fall-type2-type3.phpt]  XFAIL REASON: Various bugs exist
DateTime::add() -- fall type3 type2 [ext/date/tests/DateTime_add-fall-type3-type2.phpt]  XFAIL REASON: Various bugs exist
DateTime::add() -- fall type3 type3 [ext/date/tests/DateTime_add-fall-type3-type3.phpt]  XFAIL REASON: Various bugs exist
DateTime::add() -- spring type2 type3 [ext/date/tests/DateTime_add-spring-type2-type3.phpt]  XFAIL REASON: Various bugs exist
DateTime::add() -- spring type3 type2 [ext/date/tests/DateTime_add-spring-type3-type2.phpt]  XFAIL REASON: Various bugs exist
DateTime::add() -- spring type3 type3 [ext/date/tests/DateTime_add-spring-type3-type3.phpt]  XFAIL REASON: Various bugs exist
DateTime::diff() -- fall type2 type3 [ext/date/tests/DateTime_diff-fall-type2-type3.phpt]  XFAIL REASON: Various bugs exist
DateTime::diff() -- fall type3 type2 [ext/date/tests/DateTime_diff-fall-type3-type2.phpt]  XFAIL REASON: Various bugs exist
DateTime::diff() -- fall type3 type3 [ext/date/tests/DateTime_diff-fall-type3-type3.phpt]  XFAIL REASON: Various bugs exist
DateTime::diff() -- spring type2 type3 [ext/date/tests/DateTime_diff-spring-type2-type3.phpt]  XFAIL REASON: Various bugs exist
DateTime::diff() -- spring type3 type2 [ext/date/tests/DateTime_diff-spring-type3-type2.phpt]  XFAIL REASON: Various bugs exist
DateTime::diff() -- spring type3 type3 [ext/date/tests/DateTime_diff-spring-type3-type3.phpt]  XFAIL REASON: Various bugs exist
DateTime::sub() -- fall type2 type3 [ext/date/tests/DateTime_sub-fall-type2-type3.phpt]  XFAIL REASON: Various bugs exist
DateTime::sub() -- fall type3 type2 [ext/date/tests/DateTime_sub-fall-type3-type2.phpt]  XFAIL REASON: Various bugs exist
DateTime::sub() -- fall type3 type3 [ext/date/tests/DateTime_sub-fall-type3-type3.phpt]  XFAIL REASON: Various bugs exist
DateTime::sub() -- spring type2 type3 [ext/date/tests/DateTime_sub-spring-type2-type3.phpt]  XFAIL REASON: Various bugs exist
DateTime::sub() -- spring type3 type2 [ext/date/tests/DateTime_sub-spring-type3-type2.phpt]  XFAIL REASON: Various bugs exist
DateTime::sub() -- spring type3 type3 [ext/date/tests/DateTime_sub-spring-type3-type3.phpt]  XFAIL REASON: Various bugs exist
Bug #55407 (Impossible to prototype DateTime::createFromFormat) [ext/date/tests/bug55407.phpt]  XFAIL REASON: Bug #55407
RFC: DateTime and Daylight Saving Time Transitions (zone type 3, bd2) [ext/date/tests/rfc-datetime_and_daylight_saving_time-type3-bd2.phpt]  XFAIL REASON: Still not quite right
RFC: DateTime and Daylight Saving Time Transitions (zone type 3, fs) [ext/date/tests/rfc-datetime_and_daylight_saving_time-type3-fs.phpt]  XFAIL REASON: Still not quite right
Bug #67296 (filter_input doesn't validate variables) [ext/filter/tests/bug49184.phpt]  XFAIL REASON: See Bug #49184
Bug #67167: filter_var(null,FILTER_VALIDATE_BOOLEAN,FILTER_NULL_ON_FAILURE) returns null [ext/filter/tests/bug67167.02.phpt]  XFAIL REASON: Requires php_zval_filter to not use convert_to_string for all filters.
Phar: bug #69958: Segfault in Phar::convertToData on invalid file [ext/phar/tests/bug69958.phpt]  XFAIL REASON: Still has memory leaks, see https://bugs.php.net/bug.php?id=70005
updateTimestamp never called when session data is empty [ext/session/tests/bug71162.phpt]  XFAIL REASON: Current session module is designed to write empty session always. In addition, current session module only supports SessionHandlerInterface only from PHP 7.0.
Bug #70219 Use after free vulnerability in session deserializer [ext/standard/tests/serialize/bug70219.phpt]  XFAIL REASON: Unfinished merge, needs fix.
=====================================================================

=====================================================================
FAILED TEST SUMMARY
---------------------------------------------------------------------
Test ereg() function : usage variations  - unexpected type arg 1 [ext/ereg/tests/ereg_variation_001.phpt]
Test ereg() function : usage variations - pass non-variable as arg 3, which is pass-by-ref. [ext/ereg/tests/ereg_variation_004.phpt]
Test eregi() function : usage variations  - unexpected type arg 1 [ext/ereg/tests/eregi_variation_001.phpt]
Test eregi() function : usage variations - pass non-variable as arg 3, which is pass-by-ref. [ext/ereg/tests/eregi_variation_004.phpt]
Bug #75434 Wrong reflection for mysqli_fetch_all function [ext/mysqli/tests/bug75434.phpt]
Bug #48182: ssl handshake fails during asynchronous socket connection [ext/openssl/tests/bug48182.phpt]
Bug #54992: Stream not closed and error not returned when SSL CN_match fails [ext/openssl/tests/bug54992.phpt]
Bug #65538: SSL context "cafile" supports stream wrappers [ext/openssl/tests/bug65538_001.phpt]
Bug #65538: SSL context "cafile" disallows URL stream wrappers [ext/openssl/tests/bug65538_002.phpt]
Bug #65538: SSL context "cafile" supports phar wrapper [ext/openssl/tests/bug65538_003.phpt]
Bug #74159: Writing a large buffer to non-blocking encrypted streams fails [ext/openssl/tests/bug74159.phpt]
capture_peer_cert context captures on verify failure [ext/openssl/tests/capture_peer_cert_001.phpt]
Testing peer fingerprint on connection [ext/openssl/tests/openssl_peer_fingerprint_basic.phpt]
Peer verification enabled for client streams [ext/openssl/tests/peer_verification.phpt]
Capture SSL session meta array in stream context [ext/openssl/tests/session_meta_capture.phpt]
Basic bitwise stream crypto context flag assignment [ext/openssl/tests/stream_crypto_flags_001.phpt]
TLSv1.1 and TLSv1.2 bitwise stream crypto flag assignment [ext/openssl/tests/stream_crypto_flags_002.phpt]
Server bitwise stream crypto flag assignment [ext/openssl/tests/stream_crypto_flags_003.phpt]
Specific protocol method specification [ext/openssl/tests/stream_crypto_flags_004.phpt]
Allow host name mismatch when "verify_host" disabled [ext/openssl/tests/stream_verify_peer_name_002.phpt]
Host name mismatch triggers error [ext/openssl/tests/stream_verify_peer_name_003.phpt]
PDO MySQL specific class constants [ext/pdo_mysql/tests/pdo_mysql_class_constants.phpt]
Bug #76348 (WSDL_CACHE_MEMORY causes Segmentation fault) [ext/soap/tests/bugs/bug76348.phpt]
Directory class behaviour. [ext/standard/tests/directory/DirectoryClass_error_001-mb.phpt]
stream context tcp_nodelay fopen [ext/standard/tests/streams/stream_context_tcp_nodelay_fopen.phpt]
Bug #71540 (NULL pointer dereference in xsl_ext_function_php()) [ext/xsl/tests/bug71540.phpt]
=====================================================================


=====================================================================
TEST RESULT SUMMARY
---------------------------------------------------------------------
Exts skipped    :   29
Exts tested     :   54
---------------------------------------------------------------------

Number of tests : 15978             12378
Tests skipped   : 3600 ( 22.5%) --------
Tests warned    :    0 (  0.0%) (  0.0%)
Tests failed    :   26 (  0.2%) (  0.2%)
Expected fail   :   33 (  0.2%) (  0.3%)
Tests passed    : 12319 ( 77.1%) ( 99.5%)
---------------------------------------------------------------------
Time taken      :  516 seconds
=====================================================================

=====================================================================
EXPECTED FAILED TEST SUMMARY
---------------------------------------------------------------------
Test open_basedir configuration [tests/security/open_basedir_linkinfo.phpt]  XFAIL REASON: BUG: open_basedir cannot delete symlink to prohibited file. See also
bugs 48111 and 52176.
Inconsistencies when accessing protected members [Zend/tests/access_modifiers_008.phpt]  XFAIL REASON: Discussion: http://marc.info/?l=php-internals&m=120221184420957&w=2
Inconsistencies when accessing protected members - 2 [Zend/tests/access_modifiers_009.phpt]  XFAIL REASON: Discussion: http://marc.info/?l=php-internals&m=120221184420957&w=2
Bug #48770 (call_user_func_array() fails to call parent from inheriting class) [Zend/tests/bug48770.phpt]  XFAIL REASON: See Bug #48770
Bug #48770 (call_user_func_array() fails to call parent from inheriting class) [Zend/tests/bug48770_2.phpt]  XFAIL REASON: See Bug #48770
Bug #48770 (call_user_func_array() fails to call parent from inheriting class) [Zend/tests/bug48770_3.phpt]  XFAIL REASON: See Bug #48770
Initial value of static var in method depends on the include time of the class definition [Zend/tests/method_static_var.phpt]  XFAIL REASON: Maybe not a bug
DateTime::add() -- fall type2 type3 [ext/date/tests/DateTime_add-fall-type2-type3.phpt]  XFAIL REASON: Various bugs exist
DateTime::add() -- fall type3 type2 [ext/date/tests/DateTime_add-fall-type3-type2.phpt]  XFAIL REASON: Various bugs exist
DateTime::add() -- fall type3 type3 [ext/date/tests/DateTime_add-fall-type3-type3.phpt]  XFAIL REASON: Various bugs exist
DateTime::add() -- spring type2 type3 [ext/date/tests/DateTime_add-spring-type2-type3.phpt]  XFAIL REASON: Various bugs exist
DateTime::add() -- spring type3 type2 [ext/date/tests/DateTime_add-spring-type3-type2.phpt]  XFAIL REASON: Various bugs exist
DateTime::add() -- spring type3 type3 [ext/date/tests/DateTime_add-spring-type3-type3.phpt]  XFAIL REASON: Various bugs exist
DateTime::diff() -- fall type2 type3 [ext/date/tests/DateTime_diff-fall-type2-type3.phpt]  XFAIL REASON: Various bugs exist
DateTime::diff() -- fall type3 type2 [ext/date/tests/DateTime_diff-fall-type3-type2.phpt]  XFAIL REASON: Various bugs exist
DateTime::diff() -- fall type3 type3 [ext/date/tests/DateTime_diff-fall-type3-type3.phpt]  XFAIL REASON: Various bugs exist
DateTime::diff() -- spring type2 type3 [ext/date/tests/DateTime_diff-spring-type2-type3.phpt]  XFAIL REASON: Various bugs exist
DateTime::diff() -- spring type3 type2 [ext/date/tests/DateTime_diff-spring-type3-type2.phpt]  XFAIL REASON: Various bugs exist
DateTime::diff() -- spring type3 type3 [ext/date/tests/DateTime_diff-spring-type3-type3.phpt]  XFAIL REASON: Various bugs exist
DateTime::sub() -- fall type2 type3 [ext/date/tests/DateTime_sub-fall-type2-type3.phpt]  XFAIL REASON: Various bugs exist
DateTime::sub() -- fall type3 type2 [ext/date/tests/DateTime_sub-fall-type3-type2.phpt]  XFAIL REASON: Various bugs exist
DateTime::sub() -- fall type3 type3 [ext/date/tests/DateTime_sub-fall-type3-type3.phpt]  XFAIL REASON: Various bugs exist
DateTime::sub() -- spring type2 type3 [ext/date/tests/DateTime_sub-spring-type2-type3.phpt]  XFAIL REASON: Various bugs exist
DateTime::sub() -- spring type3 type2 [ext/date/tests/DateTime_sub-spring-type3-type2.phpt]  XFAIL REASON: Various bugs exist
DateTime::sub() -- spring type3 type3 [ext/date/tests/DateTime_sub-spring-type3-type3.phpt]  XFAIL REASON: Various bugs exist
Bug #55407 (Impossible to prototype DateTime::createFromFormat) [ext/date/tests/bug55407.phpt]  XFAIL REASON: Bug #55407
RFC: DateTime and Daylight Saving Time Transitions (zone type 3, bd2) [ext/date/tests/rfc-datetime_and_daylight_saving_time-type3-bd2.phpt]  XFAIL REASON: Still not quite right
RFC: DateTime and Daylight Saving Time Transitions (zone type 3, fs) [ext/date/tests/rfc-datetime_and_daylight_saving_time-type3-fs.phpt]  XFAIL REASON: Still not quite right
Bug #67296 (filter_input doesn't validate variables) [ext/filter/tests/bug49184.phpt]  XFAIL REASON: See Bug #49184
Bug #67167: filter_var(null,FILTER_VALIDATE_BOOLEAN,FILTER_NULL_ON_FAILURE) returns null [ext/filter/tests/bug67167.02.phpt]  XFAIL REASON: Requires php_zval_filter to not use convert_to_string for all filters.
Phar: bug #69958: Segfault in Phar::convertToData on invalid file [ext/phar/tests/bug69958.phpt]  XFAIL REASON: Still has memory leaks, see https://bugs.php.net/bug.php?id=70005
updateTimestamp never called when session data is empty [ext/session/tests/bug71162.phpt]  XFAIL REASON: Current session module is designed to write empty session always. In addition, current session module only supports SessionHandlerInterface only from PHP 7.0.
Bug #70219 Use after free vulnerability in session deserializer [ext/standard/tests/serialize/bug70219.phpt]  XFAIL REASON: Unfinished merge, needs fix.
=====================================================================

=====================================================================
FAILED TEST SUMMARY
---------------------------------------------------------------------
Test ereg() function : usage variations  - unexpected type arg 1 [ext/ereg/tests/ereg_variation_001.phpt]
Test ereg() function : usage variations - pass non-variable as arg 3, which is pass-by-ref. [ext/ereg/tests/ereg_variation_004.phpt]
Test eregi() function : usage variations  - unexpected type arg 1 [ext/ereg/tests/eregi_variation_001.phpt]
Test eregi() function : usage variations - pass non-variable as arg 3, which is pass-by-ref. [ext/ereg/tests/eregi_variation_004.phpt]
Bug #75434 Wrong reflection for mysqli_fetch_all function [ext/mysqli/tests/bug75434.phpt]
Bug #48182: ssl handshake fails during asynchronous socket connection [ext/openssl/tests/bug48182.phpt]
Bug #54992: Stream not closed and error not returned when SSL CN_match fails [ext/openssl/tests/bug54992.phpt]
Bug #65538: SSL context "cafile" supports stream wrappers [ext/openssl/tests/bug65538_001.phpt]
Bug #65538: SSL context "cafile" disallows URL stream wrappers [ext/openssl/tests/bug65538_002.phpt]
Bug #65538: SSL context "cafile" supports phar wrapper [ext/openssl/tests/bug65538_003.phpt]
Bug #74159: Writing a large buffer to non-blocking encrypted streams fails [ext/openssl/tests/bug74159.phpt]
capture_peer_cert context captures on verify failure [ext/openssl/tests/capture_peer_cert_001.phpt]
Testing peer fingerprint on connection [ext/openssl/tests/openssl_peer_fingerprint_basic.phpt]
Peer verification enabled for client streams [ext/openssl/tests/peer_verification.phpt]
Capture SSL session meta array in stream context [ext/openssl/tests/session_meta_capture.phpt]
Basic bitwise stream crypto context flag assignment [ext/openssl/tests/stream_crypto_flags_001.phpt]
TLSv1.1 and TLSv1.2 bitwise stream crypto flag assignment [ext/openssl/tests/stream_crypto_flags_002.phpt]
Server bitwise stream crypto flag assignment [ext/openssl/tests/stream_crypto_flags_003.phpt]
Specific protocol method specification [ext/openssl/tests/stream_crypto_flags_004.phpt]
Allow host name mismatch when "verify_host" disabled [ext/openssl/tests/stream_verify_peer_name_002.phpt]
Host name mismatch triggers error [ext/openssl/tests/stream_verify_peer_name_003.phpt]
PDO MySQL specific class constants [ext/pdo_mysql/tests/pdo_mysql_class_constants.phpt]
Bug #76348 (WSDL_CACHE_MEMORY causes Segmentation fault) [ext/soap/tests/bugs/bug76348.phpt]
Directory class behaviour. [ext/standard/tests/directory/DirectoryClass_error_001-mb.phpt]
stream context tcp_nodelay fopen [ext/standard/tests/streams/stream_context_tcp_nodelay_fopen.phpt]
Bug #71540 (NULL pointer dereference in xsl_ext_function_php()) [ext/xsl/tests/bug71540.phpt]
=====================================================================


================================================================================
/usr/src/php/ext/ereg/tests/ereg_variation_001.phpt
================================================================================
*** Testing ereg() : usage variations ***
Error: 8 - Undefined variable: undefined_var, /usr/src/php/ext/ereg/tests/ereg_variation_001.php(65)
Error: 8 - Undefined variable: unset_var, /usr/src/php/ext/ereg/tests/ereg_variation_001.php(68)

Arg value 0 
Error: 8192 - Function ereg() is deprecated, /usr/src/php/ext/ereg/tests/ereg_variation_001.php(75)
bool(false)

Arg value 1 
Error: 8192 - Function ereg() is deprecated, /usr/src/php/ext/ereg/tests/ereg_variation_001.php(75)
int(1)

Arg value 12345 
Error: 8192 - Function ereg() is deprecated, /usr/src/php/ext/ereg/tests/ereg_variation_001.php(75)
bool(false)

Arg value -2345 
Error: 8192 - Function ereg() is deprecated, /usr/src/php/ext/ereg/tests/ereg_variation_001.php(75)
bool(false)

Arg value 10.5 
Error: 8192 - Function ereg() is deprecated, /usr/src/php/ext/ereg/tests/ereg_variation_001.php(75)
bool(false)

Arg value -10.5 
Error: 8192 - Function ereg() is deprecated, /usr/src/php/ext/ereg/tests/ereg_variation_001.php(75)
bool(false)

Arg value 101234567000 
Error: 8192 - Function ereg() is deprecated, /usr/src/php/ext/ereg/tests/ereg_variation_001.php(75)
bool(false)

Arg value 1.07654321E-9 
Error: 8192 - Function ereg() is deprecated, /usr/src/php/ext/ereg/tests/ereg_variation_001.php(75)
bool(false)

Arg value 0.5 
Error: 8192 - Function ereg() is deprecated, /usr/src/php/ext/ereg/tests/ereg_variation_001.php(75)
bool(false)
Error: 8 - Array to string conversion, /usr/src/php/ext/ereg/tests/ereg_variation_001.php(74)

Arg value Array 
Error: 8192 - Function ereg() is deprecated, /usr/src/php/ext/ereg/tests/ereg_variation_001.php(75)
Error: 8 - Array to string conversion, /usr/src/php/ext/ereg/tests/ereg_variation_001.php(75)
bool(false)
Error: 8 - Array to string conversion, /usr/src/php/ext/ereg/tests/ereg_variation_001.php(74)

Arg value Array 
Error: 8192 - Function ereg() is deprecated, /usr/src/php/ext/ereg/tests/ereg_variation_001.php(75)
Error: 8 - Array to string conversion, /usr/src/php/ext/ereg/tests/ereg_variation_001.php(75)
bool(false)
Error: 8 - Array to string conversion, /usr/src/php/ext/ereg/tests/ereg_variation_001.php(74)

Arg value Array 
Error: 8192 - Function ereg() is deprecated, /usr/src/php/ext/ereg/tests/ereg_variation_001.php(75)
Error: 8 - Array to string conversion, /usr/src/php/ext/ereg/tests/ereg_variation_001.php(75)
bool(false)
Error: 8 - Array to string conversion, /usr/src/php/ext/ereg/tests/ereg_variation_001.php(74)

Arg value Array 
Error: 8192 - Function ereg() is deprecated, /usr/src/php/ext/ereg/tests/ereg_variation_001.php(75)
Error: 8 - Array to string conversion, /usr/src/php/ext/ereg/tests/ereg_variation_001.php(75)
bool(false)
Error: 8 - Array to string conversion, /usr/src/php/ext/ereg/tests/ereg_variation_001.php(74)

Arg value Array 
Error: 8192 - Function ereg() is deprecated, /usr/src/php/ext/ereg/tests/ereg_variation_001.php(75)
Error: 8 - Array to string conversion, /usr/src/php/ext/ereg/tests/ereg_variation_001.php(75)
bool(false)

Arg value  
Error: 8192 - Function ereg() is deprecated, /usr/src/php/ext/ereg/tests/ereg_variation_001.php(75)
Error: 2 - ereg(): REG_EMPTY, /usr/src/php/ext/ereg/tests/ereg_variation_001.php(75)
bool(false)

Arg value  
Error: 8192 - Function ereg() is deprecated, /usr/src/php/ext/ereg/tests/ereg_variation_001.php(75)
Error: 2 - ereg(): REG_EMPTY, /usr/src/php/ext/ereg/tests/ereg_variation_001.php(75)
bool(false)

Arg value 1 
Error: 8192 - Function ereg() is deprecated, /usr/src/php/ext/ereg/tests/ereg_variation_001.php(75)
int(1)

Arg value  
Error: 8192 - Function ereg() is deprecated, /usr/src/php/ext/ereg/tests/ereg_variation_001.php(75)
Error: 2 - ereg(): REG_EMPTY, /usr/src/php/ext/ereg/tests/ereg_variation_001.php(75)
bool(false)

Arg value 1 
Error: 8192 - Function ereg() is deprecated, /usr/src/php/ext/ereg/tests/ereg_variation_001.php(75)
int(1)

Arg value  
Error: 8192 - Function ereg() is deprecated, /usr/src/php/ext/ereg/tests/ereg_variation_001.php(75)
Error: 2 - ereg(): REG_EMPTY, /usr/src/php/ext/ereg/tests/ereg_variation_001.php(75)
bool(false)

Arg value  
Error: 8192 - Function ereg() is deprecated, /usr/src/php/ext/ereg/tests/ereg_variation_001.php(75)
Error: 2 - ereg(): REG_EMPTY, /usr/src/php/ext/ereg/tests/ereg_variation_001.php(75)
bool(false)

Arg value  
Error: 8192 - Function ereg() is deprecated, /usr/src/php/ext/ereg/tests/ereg_variation_001.php(75)
Error: 2 - ereg(): REG_EMPTY, /usr/src/php/ext/ereg/tests/ereg_variation_001.php(75)
bool(false)
Error: 4096 - Object of class stdClass could not be converted to string, /usr/src/php/ext/ereg/tests/ereg_variation_001.php(74)

Arg value  
Error: 8192 - Function ereg() is deprecated, /usr/src/php/ext/ereg/tests/ereg_variation_001.php(75)
Error: 4096 - Object of class stdClass could not be converted to string, /usr/src/php/ext/ereg/tests/ereg_variation_001.php(75)
bool(false)

Arg value  
Error: 8192 - Function ereg() is deprecated, /usr/src/php/ext/ereg/tests/ereg_variation_001.php(75)
Error: 2 - ereg(): REG_EMPTY, /usr/src/php/ext/ereg/tests/ereg_variation_001.php(75)
bool(false)

Arg value  
Error: 8192 - Function ereg() is deprecated, /usr/src/php/ext/ereg/tests/ereg_variation_001.php(75)
Error: 2 - ereg(): REG_EMPTY, /usr/src/php/ext/ereg/tests/ereg_variation_001.php(75)
bool(false)
Done
================================================================================
113- Error: 8 - Object of class stdClass to string conversion, %s(75)
================================================================================



================================================================================
/usr/src/php/ext/ereg/tests/ereg_variation_004.phpt
================================================================================
Notice: Only variables should be passed by reference in /usr/src/php/ext/ereg/tests/ereg_variation_004.php on line 8

Deprecated: Function ereg() is deprecated in /usr/src/php/ext/ereg/tests/ereg_variation_004.php on line 8
int(2)
Done
================================================================================
001+ Notice: Only variables should be passed by reference in /usr/src/php/ext/ereg/tests/ereg_variation_004.php on line 8
001- Strict Standards: Only variables should be passed by reference in %s on line %d
================================================================================



================================================================================
/usr/src/php/ext/ereg/tests/eregi_variation_001.phpt
================================================================================
*** Testing eregi() : usage variations ***
Error: 8 - Undefined variable: undefined_var, /usr/src/php/ext/ereg/tests/eregi_variation_001.php(65)
Error: 8 - Undefined variable: unset_var, /usr/src/php/ext/ereg/tests/eregi_variation_001.php(68)

Arg value 0 
Error: 8192 - Function eregi() is deprecated, /usr/src/php/ext/ereg/tests/eregi_variation_001.php(75)
bool(false)

Arg value 1 
Error: 8192 - Function eregi() is deprecated, /usr/src/php/ext/ereg/tests/eregi_variation_001.php(75)
int(1)

Arg value 12345 
Error: 8192 - Function eregi() is deprecated, /usr/src/php/ext/ereg/tests/eregi_variation_001.php(75)
bool(false)

Arg value -2345 
Error: 8192 - Function eregi() is deprecated, /usr/src/php/ext/ereg/tests/eregi_variation_001.php(75)
bool(false)

Arg value 10.5 
Error: 8192 - Function eregi() is deprecated, /usr/src/php/ext/ereg/tests/eregi_variation_001.php(75)
bool(false)

Arg value -10.5 
Error: 8192 - Function eregi() is deprecated, /usr/src/php/ext/ereg/tests/eregi_variation_001.php(75)
bool(false)

Arg value 101234567000 
Error: 8192 - Function eregi() is deprecated, /usr/src/php/ext/ereg/tests/eregi_variation_001.php(75)
bool(false)

Arg value 1.07654321E-9 
Error: 8192 - Function eregi() is deprecated, /usr/src/php/ext/ereg/tests/eregi_variation_001.php(75)
bool(false)

Arg value 0.5 
Error: 8192 - Function eregi() is deprecated, /usr/src/php/ext/ereg/tests/eregi_variation_001.php(75)
bool(false)
Error: 8 - Array to string conversion, /usr/src/php/ext/ereg/tests/eregi_variation_001.php(74)

Arg value Array 
Error: 8192 - Function eregi() is deprecated, /usr/src/php/ext/ereg/tests/eregi_variation_001.php(75)
Error: 8 - Array to string conversion, /usr/src/php/ext/ereg/tests/eregi_variation_001.php(75)
bool(false)
Error: 8 - Array to string conversion, /usr/src/php/ext/ereg/tests/eregi_variation_001.php(74)

Arg value Array 
Error: 8192 - Function eregi() is deprecated, /usr/src/php/ext/ereg/tests/eregi_variation_001.php(75)
Error: 8 - Array to string conversion, /usr/src/php/ext/ereg/tests/eregi_variation_001.php(75)
bool(false)
Error: 8 - Array to string conversion, /usr/src/php/ext/ereg/tests/eregi_variation_001.php(74)

Arg value Array 
Error: 8192 - Function eregi() is deprecated, /usr/src/php/ext/ereg/tests/eregi_variation_001.php(75)
Error: 8 - Array to string conversion, /usr/src/php/ext/ereg/tests/eregi_variation_001.php(75)
bool(false)
Error: 8 - Array to string conversion, /usr/src/php/ext/ereg/tests/eregi_variation_001.php(74)

Arg value Array 
Error: 8192 - Function eregi() is deprecated, /usr/src/php/ext/ereg/tests/eregi_variation_001.php(75)
Error: 8 - Array to string conversion, /usr/src/php/ext/ereg/tests/eregi_variation_001.php(75)
bool(false)
Error: 8 - Array to string conversion, /usr/src/php/ext/ereg/tests/eregi_variation_001.php(74)

Arg value Array 
Error: 8192 - Function eregi() is deprecated, /usr/src/php/ext/ereg/tests/eregi_variation_001.php(75)
Error: 8 - Array to string conversion, /usr/src/php/ext/ereg/tests/eregi_variation_001.php(75)
bool(false)

Arg value  
Error: 8192 - Function eregi() is deprecated, /usr/src/php/ext/ereg/tests/eregi_variation_001.php(75)
Error: 2 - eregi(): REG_EMPTY, /usr/src/php/ext/ereg/tests/eregi_variation_001.php(75)
bool(false)

Arg value  
Error: 8192 - Function eregi() is deprecated, /usr/src/php/ext/ereg/tests/eregi_variation_001.php(75)
Error: 2 - eregi(): REG_EMPTY, /usr/src/php/ext/ereg/tests/eregi_variation_001.php(75)
bool(false)

Arg value 1 
Error: 8192 - Function eregi() is deprecated, /usr/src/php/ext/ereg/tests/eregi_variation_001.php(75)
int(1)

Arg value  
Error: 8192 - Function eregi() is deprecated, /usr/src/php/ext/ereg/tests/eregi_variation_001.php(75)
Error: 2 - eregi(): REG_EMPTY, /usr/src/php/ext/ereg/tests/eregi_variation_001.php(75)
bool(false)

Arg value 1 
Error: 8192 - Function eregi() is deprecated, /usr/src/php/ext/ereg/tests/eregi_variation_001.php(75)
int(1)

Arg value  
Error: 8192 - Function eregi() is deprecated, /usr/src/php/ext/ereg/tests/eregi_variation_001.php(75)
Error: 2 - eregi(): REG_EMPTY, /usr/src/php/ext/ereg/tests/eregi_variation_001.php(75)
bool(false)

Arg value  
Error: 8192 - Function eregi() is deprecated, /usr/src/php/ext/ereg/tests/eregi_variation_001.php(75)
Error: 2 - eregi(): REG_EMPTY, /usr/src/php/ext/ereg/tests/eregi_variation_001.php(75)
bool(false)

Arg value  
Error: 8192 - Function eregi() is deprecated, /usr/src/php/ext/ereg/tests/eregi_variation_001.php(75)
Error: 2 - eregi(): REG_EMPTY, /usr/src/php/ext/ereg/tests/eregi_variation_001.php(75)
bool(false)
Error: 4096 - Object of class stdClass could not be converted to string, /usr/src/php/ext/ereg/tests/eregi_variation_001.php(74)

Arg value  
Error: 8192 - Function eregi() is deprecated, /usr/src/php/ext/ereg/tests/eregi_variation_001.php(75)
Error: 4096 - Object of class stdClass could not be converted to string, /usr/src/php/ext/ereg/tests/eregi_variation_001.php(75)
bool(false)

Arg value  
Error: 8192 - Function eregi() is deprecated, /usr/src/php/ext/ereg/tests/eregi_variation_001.php(75)
Error: 2 - eregi(): REG_EMPTY, /usr/src/php/ext/ereg/tests/eregi_variation_001.php(75)
bool(false)

Arg value  
Error: 8192 - Function eregi() is deprecated, /usr/src/php/ext/ereg/tests/eregi_variation_001.php(75)
Error: 2 - eregi(): REG_EMPTY, /usr/src/php/ext/ereg/tests/eregi_variation_001.php(75)
bool(false)
Done
================================================================================
113- Error: 8 - Object of class stdClass to string conversion, %s(75)
================================================================================



================================================================================
/usr/src/php/ext/ereg/tests/eregi_variation_004.phpt
================================================================================
Notice: Only variables should be passed by reference in /usr/src/php/ext/ereg/tests/eregi_variation_004.php on line 8

Deprecated: Function eregi() is deprecated in /usr/src/php/ext/ereg/tests/eregi_variation_004.php on line 8
int(2)
Done
================================================================================
001+ Notice: Only variables should be passed by reference in /usr/src/php/ext/ereg/tests/eregi_variation_004.php on line 8
001- Strict Standards: Only variables should be passed by reference in %s on line %d
================================================================================



================================================================================
/usr/src/php/ext/mysqli/tests/bug75434.phpt
================================================================================
Fatal error: Uncaught ReflectionException: Function mysqli_fetch_all() does not exist in /usr/src/php/ext/mysqli/tests/bug75434.php:2
Stack trace:
#0 /usr/src/php/ext/mysqli/tests/bug75434.php(2): ReflectionFunction->__construct('mysqli_fetch_al...')
#1 {main}
  thrown in /usr/src/php/ext/mysqli/tests/bug75434.php on line 2
================================================================================
001+ Fatal error: Uncaught ReflectionException: Function mysqli_fetch_all() does not exist in /usr/src/php/ext/mysqli/tests/bug75434.php:2
002+ Stack trace:
003+ #0 /usr/src/php/ext/mysqli/tests/bug75434.php(2): ReflectionFunction->__construct('mysqli_fetch_al...')
004+ #1 {main}
005+   thrown in /usr/src/php/ext/mysqli/tests/bug75434.php on line 2
001- int(2)
002- int(1)
003- int(1)
004- int(0)
005- ===DONE===
================================================================================



================================================================================
/usr/src/php/ext/openssl/tests/bug48182.phpt
================================================================================
Running bug48182

Warning: stream_socket_client(): SSL operation failed with code 1. OpenSSL Error messages:
error:14090086:SSL routines:SSL3_GET_SERVER_CERTIFICATE:certificate verify failed in /usr/src/php/ext/openssl/tests/ServerClientTestCase.inc(96) : eval()'d code on line 9

Warning: stream_socket_client(): Failed to enable crypto in /usr/src/php/ext/openssl/tests/ServerClientTestCase.inc(96) : eval()'d code on line 9

Warning: stream_socket_client(): unable to connect to ssl://127.0.0.1:64321 (Unknown error) in /usr/src/php/ext/openssl/tests/ServerClientTestCase.inc(96) : eval()'d code on line 9

Warning: fwrite() expects parameter 1 to be resource, boolean given in /usr/src/php/ext/openssl/tests/ServerClientTestCase.inc(96) : eval()'d code on line 13

Warning: fread() expects parameter 1 to be resource, boolean given in /usr/src/php/ext/openssl/tests/ServerClientTestCase.inc(96) : eval()'d code on line 14
================================================================================
002+ 
003+ Warning: stream_socket_client(): SSL operation failed with code 1. OpenSSL Error messages:
002- Sending bug48182
003- Sending data over to SSL server in async mode with contents like Hello World
004+ error:14090086:SSL routines:SSL3_GET_SERVER_CERTIFICATE:certificate verify failed in /usr/src/php/ext/openssl/tests/ServerClientTestCase.inc(96) : eval()'d code on line 9
005+ 
006+ Warning: stream_socket_client(): Failed to enable crypto in /usr/src/php/ext/openssl/tests/ServerClientTestCase.inc(96) : eval()'d code on line 9
007+ 
008+ Warning: stream_socket_client(): unable to connect to ssl://127.0.0.1:64321 (Unknown error) in /usr/src/php/ext/openssl/tests/ServerClientTestCase.inc(96) : eval()'d code on line 9
009+ 
010+ Warning: fwrite() expects parameter 1 to be resource, boolean given in /usr/src/php/ext/openssl/tests/ServerClientTestCase.inc(96) : eval()'d code on line 13
011+ 
012+ Warning: fread() expects parameter 1 to be resource, boolean given in /usr/src/php/ext/openssl/tests/ServerClientTestCase.inc(96) : eval()'d code on line 14
================================================================================



================================================================================
/usr/src/php/ext/openssl/tests/bug54992.phpt
================================================================================
Warning: stream_socket_client(): SSL operation failed with code 1. OpenSSL Error messages:
error:14090086:SSL routines:SSL3_GET_SERVER_CERTIFICATE:certificate verify failed in /usr/src/php/ext/openssl/tests/ServerClientTestCase.inc(96) : eval()'d code on line 10

Warning: stream_socket_client(): Failed to enable crypto in /usr/src/php/ext/openssl/tests/ServerClientTestCase.inc(96) : eval()'d code on line 10

Warning: stream_socket_client(): unable to connect to ssl://127.0.0.1:64321 (Unknown error) in /usr/src/php/ext/openssl/tests/ServerClientTestCase.inc(96) : eval()'d code on line 10
bool(false)
================================================================================
001+ Warning: stream_socket_client(): SSL operation failed with code 1. OpenSSL Error messages:
002+ error:14090086:SSL routines:SSL3_GET_SERVER_CERTIFICATE:certificate verify failed in /usr/src/php/ext/openssl/tests/ServerClientTestCase.inc(96) : eval()'d code on line 10
001- Warning: stream_socket_client(): Peer certificate CN=`bug54992.local' did not match expected CN=`buga_buga' in %s on line %d
================================================================================



================================================================================
/usr/src/php/ext/openssl/tests/bug65538_001.phpt
================================================================================
Warning: file_get_contents(): SSL operation failed with code 1. OpenSSL Error messages:
error:14090086:SSL routines:SSL3_GET_SERVER_CERTIFICATE:certificate verify failed in /usr/src/php/ext/openssl/tests/ServerClientTestCase.inc(96) : eval()'d code on line 8

Warning: file_get_contents(): Failed to enable crypto in /usr/src/php/ext/openssl/tests/ServerClientTestCase.inc(96) : eval()'d code on line 8

Warning: file_get_contents(https://127.0.0.1:64321/): failed to open stream: operation failed in /usr/src/php/ext/openssl/tests/ServerClientTestCase.inc(96) : eval()'d code on line 8
bool(false)
================================================================================
001+ Warning: file_get_contents(): SSL operation failed with code 1. OpenSSL Error messages:
001- string(12) "Hello World!"
002+ error:14090086:SSL routines:SSL3_GET_SERVER_CERTIFICATE:certificate verify failed in /usr/src/php/ext/openssl/tests/ServerClientTestCase.inc(96) : eval()'d code on line 8
003+ 
004+ Warning: file_get_contents(): Failed to enable crypto in /usr/src/php/ext/openssl/tests/ServerClientTestCase.inc(96) : eval()'d code on line 8
005+ 
006+ Warning: file_get_contents(https://127.0.0.1:64321/): failed to open stream: operation failed in /usr/src/php/ext/openssl/tests/ServerClientTestCase.inc(96) : eval()'d code on line 8
007+ bool(false)
================================================================================



================================================================================
/usr/src/php/ext/openssl/tests/bug65538_002.phpt
================================================================================
Warning: file_get_contents(): SSL operation failed with code 1. OpenSSL Error messages:
error:14090086:SSL routines:SSL3_GET_SERVER_CERTIFICATE:certificate verify failed in /usr/src/php/ext/openssl/tests/bug65538_002.php on line 10

Warning: file_get_contents(): Failed to enable crypto in /usr/src/php/ext/openssl/tests/bug65538_002.php on line 10

Warning: failed loading cafile stream: `http://www.php.net' in /usr/src/php/ext/openssl/tests/bug65538_002.php on line 10

Warning: file_get_contents(): Failed to enable crypto in /usr/src/php/ext/openssl/tests/bug65538_002.php on line 10

Warning: file_get_contents(https://github.com): failed to open stream: operation failed in /usr/src/php/ext/openssl/tests/bug65538_002.php on line 10
================================================================================
001+ Warning: file_get_contents(): SSL operation failed with code 1. OpenSSL Error messages:
002+ error:14090086:SSL routines:SSL3_GET_SERVER_CERTIFICATE:certificate verify failed in /usr/src/php/ext/openssl/tests/bug65538_002.php on line 10
003+ 
004+ Warning: file_get_contents(): Failed to enable crypto in /usr/src/php/ext/openssl/tests/bug65538_002.php on line 10
005+ 
006+ Warning: failed loading cafile stream: `http://www.php.net' in /usr/src/php/ext/openssl/tests/bug65538_002.php on line 10
001- Warning: remote cafile streams are disabled for security purposes in %s on line %d
================================================================================



================================================================================
/usr/src/php/ext/openssl/tests/bug65538_003.phpt
================================================================================
Warning: file_get_contents(): SSL operation failed with code 1. OpenSSL Error messages:
error:14090086:SSL routines:SSL3_GET_SERVER_CERTIFICATE:certificate verify failed in /usr/src/php/ext/openssl/tests/ServerClientTestCase.inc(96) : eval()'d code on line 8

Warning: file_get_contents(): Failed to enable crypto in /usr/src/php/ext/openssl/tests/ServerClientTestCase.inc(96) : eval()'d code on line 8

Warning: file_get_contents(https://127.0.0.1:64321/): failed to open stream: operation failed in /usr/src/php/ext/openssl/tests/ServerClientTestCase.inc(96) : eval()'d code on line 8
bool(false)
================================================================================
001+ Warning: file_get_contents(): SSL operation failed with code 1. OpenSSL Error messages:
001- string(12) "Hello World!"
002+ error:14090086:SSL routines:SSL3_GET_SERVER_CERTIFICATE:certificate verify failed in /usr/src/php/ext/openssl/tests/ServerClientTestCase.inc(96) : eval()'d code on line 8
003+ 
004+ Warning: file_get_contents(): Failed to enable crypto in /usr/src/php/ext/openssl/tests/ServerClientTestCase.inc(96) : eval()'d code on line 8
005+ 
006+ Warning: file_get_contents(https://127.0.0.1:64321/): failed to open stream: operation failed in /usr/src/php/ext/openssl/tests/ServerClientTestCase.inc(96) : eval()'d code on line 8
007+ bool(false)
================================================================================



================================================================================
/usr/src/php/ext/openssl/tests/bug74159.phpt
================================================================================
stream_socket_enable_crypto(): SSL operation failed with code 1. OpenSSL Error messages:
error:14090086:SSL routines:SSL3_GET_SERVER_CERTIFICATE:certificate verify failed
================================================================================
001+ stream_socket_enable_crypto(): SSL operation failed with code 1. OpenSSL Error messages:
002+ error:14090086:SSL routines:SSL3_GET_SERVER_CERTIFICATE:certificate verify failed
001- Written 1048575 bytes
002- DONE
================================================================================



================================================================================
/usr/src/php/ext/openssl/tests/capture_peer_cert_001.phpt
================================================================================
Notice: Undefined index: peer_certificate in /usr/src/php/ext/openssl/tests/ServerClientTestCase.inc(96) : eval()'d code on line 10
NULL
================================================================================
001+ Notice: Undefined index: peer_certificate in /usr/src/php/ext/openssl/tests/ServerClientTestCase.inc(96) : eval()'d code on line 10
001- string(%d) "bug54992.local"
002+ NULL
================================================================================



================================================================================
/usr/src/php/ext/openssl/tests/openssl_peer_fingerprint_basic.phpt
================================================================================
Warning: stream_socket_client(): SSL operation failed with code 1. OpenSSL Error messages:
error:14090086:SSL routines:SSL3_GET_SERVER_CERTIFICATE:certificate verify failed in /usr/src/php/ext/openssl/tests/ServerClientTestCase.inc(96) : eval()'d code on line 17

Warning: stream_socket_client(): Failed to enable crypto in /usr/src/php/ext/openssl/tests/ServerClientTestCase.inc(96) : eval()'d code on line 17

Warning: stream_socket_client(): unable to connect to ssl://127.0.0.1:64321 (Unknown error) in /usr/src/php/ext/openssl/tests/ServerClientTestCase.inc(96) : eval()'d code on line 17
bool(false)

Warning: stream_socket_client(): SSL operation failed with code 1. OpenSSL Error messages:
error:14090086:SSL routines:SSL3_GET_SERVER_CERTIFICATE:certificate verify failed in /usr/src/php/ext/openssl/tests/ServerClientTestCase.inc(96) : eval()'d code on line 24

Warning: stream_socket_client(): Failed to enable crypto in /usr/src/php/ext/openssl/tests/ServerClientTestCase.inc(96) : eval()'d code on line 24

Warning: stream_socket_client(): unable to connect to ssl://127.0.0.1:64321 (Unknown error) in /usr/src/php/ext/openssl/tests/ServerClientTestCase.inc(96) : eval()'d code on line 24
bool(false)
================================================================================
001+ Warning: stream_socket_client(): SSL operation failed with code 1. OpenSSL Error messages:
002+ error:14090086:SSL routines:SSL3_GET_SERVER_CERTIFICATE:certificate verify failed in /usr/src/php/ext/openssl/tests/ServerClientTestCase.inc(96) : eval()'d code on line 17
003+ 
004+ Warning: stream_socket_client(): Failed to enable crypto in /usr/src/php/ext/openssl/tests/ServerClientTestCase.inc(96) : eval()'d code on line 17
005+ 
006+ Warning: stream_socket_client(): unable to connect to ssl://127.0.0.1:64321 (Unknown error) in /usr/src/php/ext/openssl/tests/ServerClientTestCase.inc(96) : eval()'d code on line 17
007+ bool(false)
008+ 
009+ Warning: stream_socket_client(): SSL operation failed with code 1. OpenSSL Error messages:
010+ error:14090086:SSL routines:SSL3_GET_SERVER_CERTIFICATE:certificate verify failed in /usr/src/php/ext/openssl/tests/ServerClientTestCase.inc(96) : eval()'d code on line 24
001- Warning: stream_socket_client(): peer_fingerprint match failure in %s on line %d
007- resource(%d) of type (stream)
================================================================================



================================================================================
/usr/src/php/ext/openssl/tests/peer_verification.phpt
================================================================================
bool(false)
bool(false)
resource(13) of type (stream)

Warning: stream_socket_client(): SSL operation failed with code 1. OpenSSL Error messages:
error:14090086:SSL routines:SSL3_GET_SERVER_CERTIFICATE:certificate verify failed in /usr/src/php/ext/openssl/tests/ServerClientTestCase.inc(96) : eval()'d code on line 28

Warning: stream_socket_client(): Failed to enable crypto in /usr/src/php/ext/openssl/tests/ServerClientTestCase.inc(96) : eval()'d code on line 28

Warning: stream_socket_client(): unable to connect to ssl://127.0.0.1:64321 (Unknown error) in /usr/src/php/ext/openssl/tests/ServerClientTestCase.inc(96) : eval()'d code on line 28
bool(false)
================================================================================
004+ 
004- resource(%d) of type (stream)
005+ Warning: stream_socket_client(): SSL operation failed with code 1. OpenSSL Error messages:
006+ error:14090086:SSL routines:SSL3_GET_SERVER_CERTIFICATE:certificate verify failed in /usr/src/php/ext/openssl/tests/ServerClientTestCase.inc(96) : eval()'d code on line 28
007+ 
008+ Warning: stream_socket_client(): Failed to enable crypto in /usr/src/php/ext/openssl/tests/ServerClientTestCase.inc(96) : eval()'d code on line 28
009+ 
010+ Warning: stream_socket_client(): unable to connect to ssl://127.0.0.1:64321 (Unknown error) in /usr/src/php/ext/openssl/tests/ServerClientTestCase.inc(96) : eval()'d code on line 28
011+ bool(false)
================================================================================



================================================================================
/usr/src/php/ext/openssl/tests/session_meta_capture.phpt
================================================================================
Notice: Undefined index: session_meta in /usr/src/php/ext/openssl/tests/ServerClientTestCase.inc(96) : eval()'d code on line 14
NULL

Notice: Undefined index: session_meta in /usr/src/php/ext/openssl/tests/ServerClientTestCase.inc(96) : eval()'d code on line 19
NULL

Notice: Undefined index: session_meta in /usr/src/php/ext/openssl/tests/ServerClientTestCase.inc(96) : eval()'d code on line 24
NULL
================================================================================
001+ Notice: Undefined index: session_meta in /usr/src/php/ext/openssl/tests/ServerClientTestCase.inc(96) : eval()'d code on line 14
002+ NULL
003+ 
001- string(5) "TLSv1"
002- string(7) "TLSv1.1"
003- string(7) "TLSv1.2"
004+ Notice: Undefined index: session_meta in /usr/src/php/ext/openssl/tests/ServerClientTestCase.inc(96) : eval()'d code on line 19
005+ NULL
006+ 
007+ Notice: Undefined index: session_meta in /usr/src/php/ext/openssl/tests/ServerClientTestCase.inc(96) : eval()'d code on line 24
008+ NULL
================================================================================



================================================================================
/usr/src/php/ext/openssl/tests/stream_crypto_flags_001.phpt
================================================================================
Warning: stream_socket_client(): SSL operation failed with code 1. OpenSSL Error messages:
error:14090086:SSL routines:SSL3_GET_SERVER_CERTIFICATE:certificate verify failed in /usr/src/php/ext/openssl/tests/ServerClientTestCase.inc(96) : eval()'d code on line 12

Warning: stream_socket_client(): Failed to enable crypto in /usr/src/php/ext/openssl/tests/ServerClientTestCase.inc(96) : eval()'d code on line 12

Warning: stream_socket_client(): unable to connect to ssl://127.0.0.1:64321 (Unknown error) in /usr/src/php/ext/openssl/tests/ServerClientTestCase.inc(96) : eval()'d code on line 12
bool(false)

Warning: stream_socket_client(): SSL operation failed with code 1. OpenSSL Error messages:
error:14090086:SSL routines:SSL3_GET_SERVER_CERTIFICATE:certificate verify failed in /usr/src/php/ext/openssl/tests/ServerClientTestCase.inc(96) : eval()'d code on line 15

Warning: stream_socket_client(): Failed to enable crypto in /usr/src/php/ext/openssl/tests/ServerClientTestCase.inc(96) : eval()'d code on line 15

Warning: stream_socket_client(): unable to connect to ssl://127.0.0.1:64321 (Unknown error) in /usr/src/php/ext/openssl/tests/ServerClientTestCase.inc(96) : eval()'d code on line 15
bool(false)
================================================================================
001+ Warning: stream_socket_client(): SSL operation failed with code 1. OpenSSL Error messages:
002+ error:14090086:SSL routines:SSL3_GET_SERVER_CERTIFICATE:certificate verify failed in /usr/src/php/ext/openssl/tests/ServerClientTestCase.inc(96) : eval()'d code on line 12
001- resource(%d) of type (stream)
002- resource(%d) of type (stream)
003+ 
004+ Warning: stream_socket_client(): Failed to enable crypto in /usr/src/php/ext/openssl/tests/ServerClientTestCase.inc(96) : eval()'d code on line 12
005+ 
006+ Warning: stream_socket_client(): unable to connect to ssl://127.0.0.1:64321 (Unknown error) in /usr/src/php/ext/openssl/tests/ServerClientTestCase.inc(96) : eval()'d code on line 12
007+ bool(false)
008+ 
009+ Warning: stream_socket_client(): SSL operation failed with code 1. OpenSSL Error messages:
010+ error:14090086:SSL routines:SSL3_GET_SERVER_CERTIFICATE:certificate verify failed in /usr/src/php/ext/openssl/tests/ServerClientTestCase.inc(96) : eval()'d code on line 15
011+ 
012+ Warning: stream_socket_client(): Failed to enable crypto in /usr/src/php/ext/openssl/tests/ServerClientTestCase.inc(96) : eval()'d code on line 15
013+ 
014+ Warning: stream_socket_client(): unable to connect to ssl://127.0.0.1:64321 (Unknown error) in /usr/src/php/ext/openssl/tests/ServerClientTestCase.inc(96) : eval()'d code on line 15
015+ bool(false)
================================================================================



================================================================================
/usr/src/php/ext/openssl/tests/stream_crypto_flags_002.phpt
================================================================================
Warning: stream_socket_client(): SSL operation failed with code 1. OpenSSL Error messages:
error:14090086:SSL routines:SSL3_GET_SERVER_CERTIFICATE:certificate verify failed in /usr/src/php/ext/openssl/tests/ServerClientTestCase.inc(96) : eval()'d code on line 12

Warning: stream_socket_client(): Failed to enable crypto in /usr/src/php/ext/openssl/tests/ServerClientTestCase.inc(96) : eval()'d code on line 12

Warning: stream_socket_client(): unable to connect to ssl://127.0.0.1:64321 (Unknown error) in /usr/src/php/ext/openssl/tests/ServerClientTestCase.inc(96) : eval()'d code on line 12
bool(false)

Warning: stream_socket_client(): SSL operation failed with code 1. OpenSSL Error messages:
error:14090086:SSL routines:SSL3_GET_SERVER_CERTIFICATE:certificate verify failed in /usr/src/php/ext/openssl/tests/ServerClientTestCase.inc(96) : eval()'d code on line 15

Warning: stream_socket_client(): Failed to enable crypto in /usr/src/php/ext/openssl/tests/ServerClientTestCase.inc(96) : eval()'d code on line 15

Warning: stream_socket_client(): unable to connect to ssl://127.0.0.1:64321 (Unknown error) in /usr/src/php/ext/openssl/tests/ServerClientTestCase.inc(96) : eval()'d code on line 15
bool(false)

Warning: stream_socket_client(): SSL operation failed with code 1. OpenSSL Error messages:
error:14090086:SSL routines:SSL3_GET_SERVER_CERTIFICATE:certificate verify failed in /usr/src/php/ext/openssl/tests/ServerClientTestCase.inc(96) : eval()'d code on line 18

Warning: stream_socket_client(): Failed to enable crypto in /usr/src/php/ext/openssl/tests/ServerClientTestCase.inc(96) : eval()'d code on line 18

Warning: stream_socket_client(): unable to connect to ssl://127.0.0.1:64321 (Unknown error) in /usr/src/php/ext/openssl/tests/ServerClientTestCase.inc(96) : eval()'d code on line 18
bool(false)

Warning: stream_socket_client(): SSL operation failed with code 1. OpenSSL Error messages:
error:14090086:SSL routines:SSL3_GET_SERVER_CERTIFICATE:certificate verify failed in /usr/src/php/ext/openssl/tests/ServerClientTestCase.inc(96) : eval()'d code on line 21

Warning: stream_socket_client(): Failed to enable crypto in /usr/src/php/ext/openssl/tests/ServerClientTestCase.inc(96) : eval()'d code on line 21

Warning: stream_socket_client(): unable to connect to ssl://127.0.0.1:64321 (Unknown error) in /usr/src/php/ext/openssl/tests/ServerClientTestCase.inc(96) : eval()'d code on line 21
bool(false)
================================================================================
001+ Warning: stream_socket_client(): SSL operation failed with code 1. OpenSSL Error messages:
002+ error:14090086:SSL routines:SSL3_GET_SERVER_CERTIFICATE:certificate verify failed in /usr/src/php/ext/openssl/tests/ServerClientTestCase.inc(96) : eval()'d code on line 12
003+ 
004+ Warning: stream_socket_client(): Failed to enable crypto in /usr/src/php/ext/openssl/tests/ServerClientTestCase.inc(96) : eval()'d code on line 12
001- resource(%d) of type (stream)
002- resource(%d) of type (stream)
003- resource(%d) of type (stream)
004- resource(%d) of type (stream)
005+ 
006+ Warning: stream_socket_client(): unable to connect to ssl://127.0.0.1:64321 (Unknown error) in /usr/src/php/ext/openssl/tests/ServerClientTestCase.inc(96) : eval()'d code on line 12
007+ bool(false)
008+ 
009+ Warning: stream_socket_client(): SSL operation failed with code 1. OpenSSL Error messages:
010+ error:14090086:SSL routines:SSL3_GET_SERVER_CERTIFICATE:certificate verify failed in /usr/src/php/ext/openssl/tests/ServerClientTestCase.inc(96) : eval()'d code on line 15
011+ 
012+ Warning: stream_socket_client(): Failed to enable crypto in /usr/src/php/ext/openssl/tests/ServerClientTestCase.inc(96) : eval()'d code on line 15
013+ 
014+ Warning: stream_socket_client(): unable to connect to ssl://127.0.0.1:64321 (Unknown error) in /usr/src/php/ext/openssl/tests/ServerClientTestCase.inc(96) : eval()'d code on line 15
015+ bool(false)
016+ 
017+ Warning: stream_socket_client(): SSL operation failed with code 1. OpenSSL Error messages:
018+ error:14090086:SSL routines:SSL3_GET_SERVER_CERTIFICATE:certificate verify failed in /usr/src/php/ext/openssl/tests/ServerClientTestCase.inc(96) : eval()'d code on line 18
019+ 
020+ Warning: stream_socket_client(): Failed to enable crypto in /usr/src/php/ext/openssl/tests/ServerClientTestCase.inc(96) : eval()'d code on line 18
021+ 
022+ Warning: stream_socket_client(): unable to connect to ssl://127.0.0.1:64321 (Unknown error) in /usr/src/php/ext/openssl/tests/ServerClientTestCase.inc(96) : eval()'d code on line 18
023+ bool(false)
024+ 
025+ Warning: stream_socket_client(): SSL operation failed with code 1. OpenSSL Error messages:
026+ error:14090086:SSL routines:SSL3_GET_SERVER_CERTIFICATE:certificate verify failed in /usr/src/php/ext/openssl/tests/ServerClientTestCase.inc(96) : eval()'d code on line 21
027+ 
028+ Warning: stream_socket_client(): Failed to enable crypto in /usr/src/php/ext/openssl/tests/ServerClientTestCase.inc(96) : eval()'d code on line 21
029+ 
030+ Warning: stream_socket_client(): unable to connect to ssl://127.0.0.1:64321 (Unknown error) in /usr/src/php/ext/openssl/tests/ServerClientTestCase.inc(96) : eval()'d code on line 21
031+ bool(false)
================================================================================



================================================================================
/usr/src/php/ext/openssl/tests/stream_crypto_flags_003.phpt
================================================================================
Warning: stream_socket_client(): SSL operation failed with code 1. OpenSSL Error messages:
error:14090086:SSL routines:SSL3_GET_SERVER_CERTIFICATE:certificate verify failed in /usr/src/php/ext/openssl/tests/ServerClientTestCase.inc(96) : eval()'d code on line 12

Warning: stream_socket_client(): Failed to enable crypto in /usr/src/php/ext/openssl/tests/ServerClientTestCase.inc(96) : eval()'d code on line 12

Warning: stream_socket_client(): unable to connect to ssl://127.0.0.1:64321 (Unknown error) in /usr/src/php/ext/openssl/tests/ServerClientTestCase.inc(96) : eval()'d code on line 12
bool(false)
bool(false)
bool(false)
================================================================================
001+ Warning: stream_socket_client(): SSL operation failed with code 1. OpenSSL Error messages:
002+ error:14090086:SSL routines:SSL3_GET_SERVER_CERTIFICATE:certificate verify failed in /usr/src/php/ext/openssl/tests/ServerClientTestCase.inc(96) : eval()'d code on line 12
003+ 
004+ Warning: stream_socket_client(): Failed to enable crypto in /usr/src/php/ext/openssl/tests/ServerClientTestCase.inc(96) : eval()'d code on line 12
005+ 
006+ Warning: stream_socket_client(): unable to connect to ssl://127.0.0.1:64321 (Unknown error) in /usr/src/php/ext/openssl/tests/ServerClientTestCase.inc(96) : eval()'d code on line 12
007+ bool(false)
001- resource(%d) of type (stream)
================================================================================



================================================================================
/usr/src/php/ext/openssl/tests/stream_crypto_flags_004.phpt
================================================================================
bool(false)
bool(false)
bool(false)

Warning: stream_socket_client(): SSL operation failed with code 1. OpenSSL Error messages:
error:14090086:SSL routines:SSL3_GET_SERVER_CERTIFICATE:certificate verify failed in /usr/src/php/ext/openssl/tests/ServerClientTestCase.inc(96) : eval()'d code on line 25

Warning: stream_socket_client(): Failed to enable crypto in /usr/src/php/ext/openssl/tests/ServerClientTestCase.inc(96) : eval()'d code on line 25

Warning: stream_socket_client(): unable to connect to ssl://127.0.0.1:64321 (Unknown error) in /usr/src/php/ext/openssl/tests/ServerClientTestCase.inc(96) : eval()'d code on line 25
bool(false)
================================================================================
001+ bool(false)
001- resource(%d) of type (stream)
004+ 
004- resource(%d) of type (stream)
005+ Warning: stream_socket_client(): SSL operation failed with code 1. OpenSSL Error messages:
006+ error:14090086:SSL routines:SSL3_GET_SERVER_CERTIFICATE:certificate verify failed in /usr/src/php/ext/openssl/tests/ServerClientTestCase.inc(96) : eval()'d code on line 25
007+ 
008+ Warning: stream_socket_client(): Failed to enable crypto in /usr/src/php/ext/openssl/tests/ServerClientTestCase.inc(96) : eval()'d code on line 25
009+ 
010+ Warning: stream_socket_client(): unable to connect to ssl://127.0.0.1:64321 (Unknown error) in /usr/src/php/ext/openssl/tests/ServerClientTestCase.inc(96) : eval()'d code on line 25
011+ bool(false)
================================================================================



================================================================================
/usr/src/php/ext/openssl/tests/stream_verify_peer_name_002.phpt
================================================================================
Warning: stream_socket_client(): SSL operation failed with code 1. OpenSSL Error messages:
error:14090086:SSL routines:SSL3_GET_SERVER_CERTIFICATE:certificate verify failed in /usr/src/php/ext/openssl/tests/ServerClientTestCase.inc(96) : eval()'d code on line 10

Warning: stream_socket_client(): Failed to enable crypto in /usr/src/php/ext/openssl/tests/ServerClientTestCase.inc(96) : eval()'d code on line 10

Warning: stream_socket_client(): unable to connect to ssl://127.0.0.1:64321 (Unknown error) in /usr/src/php/ext/openssl/tests/ServerClientTestCase.inc(96) : eval()'d code on line 10
bool(false)
================================================================================
001+ Warning: stream_socket_client(): SSL operation failed with code 1. OpenSSL Error messages:
001- resource(%d) of type (stream)
002+ error:14090086:SSL routines:SSL3_GET_SERVER_CERTIFICATE:certificate verify failed in /usr/src/php/ext/openssl/tests/ServerClientTestCase.inc(96) : eval()'d code on line 10
003+ 
004+ Warning: stream_socket_client(): Failed to enable crypto in /usr/src/php/ext/openssl/tests/ServerClientTestCase.inc(96) : eval()'d code on line 10
005+ 
006+ Warning: stream_socket_client(): unable to connect to ssl://127.0.0.1:64321 (Unknown error) in /usr/src/php/ext/openssl/tests/ServerClientTestCase.inc(96) : eval()'d code on line 10
007+ bool(false)
================================================================================



================================================================================
/usr/src/php/ext/openssl/tests/stream_verify_peer_name_003.phpt
================================================================================
Warning: stream_socket_client(): SSL operation failed with code 1. OpenSSL Error messages:
error:14090086:SSL routines:SSL3_GET_SERVER_CERTIFICATE:certificate verify failed in /usr/src/php/ext/openssl/tests/ServerClientTestCase.inc(96) : eval()'d code on line 9

Warning: stream_socket_client(): Failed to enable crypto in /usr/src/php/ext/openssl/tests/ServerClientTestCase.inc(96) : eval()'d code on line 9

Warning: stream_socket_client(): unable to connect to ssl://127.0.0.1:64321 (Unknown error) in /usr/src/php/ext/openssl/tests/ServerClientTestCase.inc(96) : eval()'d code on line 9
bool(false)
================================================================================
001+ Warning: stream_socket_client(): SSL operation failed with code 1. OpenSSL Error messages:
002+ error:14090086:SSL routines:SSL3_GET_SERVER_CERTIFICATE:certificate verify failed in /usr/src/php/ext/openssl/tests/ServerClientTestCase.inc(96) : eval()'d code on line 9
001- Warning: stream_socket_client(): Peer certificate CN=`bug54992.local' did not match expected CN=`127.0.0.1' in %s on line %d
================================================================================



================================================================================
/usr/src/php/ext/pdo_mysql/tests/pdo_mysql_class_constants.phpt
================================================================================
[001] Dumping list of unexpected constants
array(3) {
  ["MYSQL_ATTR_MAX_BUFFER_SIZE"]=>
  int(1005)
  ["MYSQL_ATTR_READ_DEFAULT_FILE"]=>
  int(1003)
  ["MYSQL_ATTR_READ_DEFAULT_GROUP"]=>
  int(1004)
}
[002] Dumping list of missing constants
array(2) {
  ["MYSQL_ATTR_SSL_VERIFY_SERVER_CERT"]=>
  bool(true)
  ["MYSQL_ATTR_SERVER_PUBLIC_KEY"]=>
  bool(true)
}
done!
================================================================================
001+ [001] Dumping list of unexpected constants
001- done!
002+ array(3) {
003+   ["MYSQL_ATTR_MAX_BUFFER_SIZE"]=>
004+   int(1005)
005+   ["MYSQL_ATTR_READ_DEFAULT_FILE"]=>
006+   int(1003)
007+   ["MYSQL_ATTR_READ_DEFAULT_GROUP"]=>
008+   int(1004)
009+ }
010+ [002] Dumping list of missing constants
011+ array(2) {
012+   ["MYSQL_ATTR_SSL_VERIFY_SERVER_CERT"]=>
013+   bool(true)
014+   ["MYSQL_ATTR_SERVER_PUBLIC_KEY"]=>
015+   bool(true)
016+ }
017+ done!
================================================================================



================================================================================
/usr/src/php/ext/soap/tests/bugs/bug76348.phpt
================================================================================
Fatal error: Uncaught SoapFault exception: [WSDL] SOAP-ERROR: Parsing Schema: can't import schema from 'http://x-road.ee/xsd/x-road.xsd', unexpected 'targetNamespace'='http://x-road.ee/xsd/x-road.xsd' in /usr/src/php/ext/soap/tests/bugs/bug76348.php:3
Stack trace:
#0 /usr/src/php/ext/soap/tests/bugs/bug76348.php(3): SoapClient->SoapClient('/usr/src/php/ex...', Array)
#1 {main}
  thrown in /usr/src/php/ext/soap/tests/bugs/bug76348.php on line 3
================================================================================
001+ Fatal error: Uncaught SoapFault exception: [WSDL] SOAP-ERROR: Parsing Schema: can't import schema from 'http://x-road.ee/xsd/x-road.xsd', unexpected 'targetNamespace'='http://x-road.ee/xsd/x-road.xsd' in /usr/src/php/ext/soap/tests/bugs/bug76348.php:3
001- ===DONE===
002+ Stack trace:
003+ #0 /usr/src/php/ext/soap/tests/bugs/bug76348.php(3): SoapClient->SoapClient('/usr/src/php/ex...', Array)
004+ #1 {main}
005+   thrown in /usr/src/php/ext/soap/tests/bugs/bug76348.php on line 3
================================================================================



================================================================================
/usr/src/php/ext/standard/tests/directory/DirectoryClass_error_001-mb.phpt
================================================================================
Warning: mkdir(): Permission denied in /usr/src/php/ext/standard/tests/directory/DirectoryClass_error_001-mb.php on line 5

--> Try all methods with bad handle:

Warning: Directory::read(): supplied argument is not a valid Directory resource in /usr/src/php/ext/standard/tests/directory/DirectoryClass_error_001-mb.php on line 10
bool(false)

Warning: Directory::rewind(): supplied argument is not a valid Directory resource in /usr/src/php/ext/standard/tests/directory/DirectoryClass_error_001-mb.php on line 11
bool(false)

Warning: Directory::close(): supplied argument is not a valid Directory resource in /usr/src/php/ext/standard/tests/directory/DirectoryClass_error_001-mb.php on line 12
bool(false)

--> Try all methods with no handle:

Warning: Directory::read(): Unable to find my handle property in /usr/src/php/ext/standard/tests/directory/DirectoryClass_error_001-mb.php on line 17
bool(false)

Warning: Directory::rewind(): Unable to find my handle property in /usr/src/php/ext/standard/tests/directory/DirectoryClass_error_001-mb.php on line 18
bool(false)

Warning: Directory::close(): Unable to find my handle property in /usr/src/php/ext/standard/tests/directory/DirectoryClass_error_001-mb.php on line 19
bool(false)

--> Try all methods with wrong number of args:

Warning: Directory::read() expects at most 1 parameter, 2 given in /usr/src/php/ext/standard/tests/directory/DirectoryClass_error_001-mb.php on line 23
NULL

Warning: Directory::rewind() expects at most 1 parameter, 2 given in /usr/src/php/ext/standard/tests/directory/DirectoryClass_error_001-mb.php on line 24
NULL

Warning: Directory::close() expects at most 1 parameter, 2 given in /usr/src/php/ext/standard/tests/directory/DirectoryClass_error_001-mb.php on line 25
NULL
================================================================================
001+ Warning: mkdir(): Permission denied in /usr/src/php/ext/standard/tests/directory/DirectoryClass_error_001-mb.php on line 5
002+ 
================================================================================



================================================================================
/usr/src/php/ext/standard/tests/streams/stream_context_tcp_nodelay_fopen.phpt
================================================================================
Warning: fopen(): SSL operation failed with code 1. OpenSSL Error messages:
error:14090086:SSL routines:SSL3_GET_SERVER_CERTIFICATE:certificate verify failed in /usr/src/php/ext/standard/tests/streams/stream_context_tcp_nodelay_fopen.php on line 8

Warning: fopen(): Failed to enable crypto in /usr/src/php/ext/standard/tests/streams/stream_context_tcp_nodelay_fopen.php on line 8

Warning: fopen(http://www.php.net): failed to open stream: operation failed in /usr/src/php/ext/standard/tests/streams/stream_context_tcp_nodelay_fopen.php on line 8

Warning: socket_get_option() expects parameter 1 to be resource, null given in /usr/src/php/ext/standard/tests/streams/stream_context_tcp_nodelay_fopen.php on line 13
bool(false)
================================================================================
001+ Warning: fopen(): SSL operation failed with code 1. OpenSSL Error messages:
001- bool(true)
002+ error:14090086:SSL routines:SSL3_GET_SERVER_CERTIFICATE:certificate verify failed in /usr/src/php/ext/standard/tests/streams/stream_context_tcp_nodelay_fopen.php on line 8
003+ 
004+ Warning: fopen(): Failed to enable crypto in /usr/src/php/ext/standard/tests/streams/stream_context_tcp_nodelay_fopen.php on line 8
005+ 
006+ Warning: fopen(http://www.php.net): failed to open stream: operation failed in /usr/src/php/ext/standard/tests/streams/stream_context_tcp_nodelay_fopen.php on line 8
007+ 
008+ Warning: socket_get_option() expects parameter 1 to be resource, null given in /usr/src/php/ext/standard/tests/streams/stream_context_tcp_nodelay_fopen.php on line 13
009+ bool(false)
================================================================================



================================================================================
/usr/src/php/ext/xsl/tests/bug71540.phpt
================================================================================
Warning: XSLTProcessor::transformToXml(): xmlXPathCompOpEval: function test not found in /usr/src/php/ext/xsl/tests/bug71540.php on line 39

Warning: XSLTProcessor::transformToXml(): Unregistered function in /usr/src/php/ext/xsl/tests/bug71540.php on line 39

Warning: XSLTProcessor::transformToXml(): xmlXPathCompiledEval: 2 objects left on the stack. in /usr/src/php/ext/xsl/tests/bug71540.php on line 39

Warning: XSLTProcessor::transformToXml(): runtime error: file /usr/src/php/ line 13 element value-of in /usr/src/php/ext/xsl/tests/bug71540.php on line 39

Warning: XSLTProcessor::transformToXml(): XPath evaluation returned no result. in /usr/src/php/ext/xsl/tests/bug71540.php on line 39
<html xmlns:php="http://php.net/xsl"><body>
<h2>Users</h2>
<table><tr><td></td></tr></table>
</body></html>
DONE
================================================================================
005- Warning: XSLTProcessor::transformToXml(): Stack usage errror in %sbug71540.php on line %d
006- 
007- Warning: XSLTProcessor::transformToXml(): Stack usage errror in %sbug71540.php on line %d
008- 
009- Warning: XSLTProcessor::transformToXml(): Handler name must be a string in %sbug71540.php on line %d
010- 
================================================================================




================================================================================
BUILD ENVIRONMENT
================================================================================
OS:
Linux - Linux 2ddc6e06a487 4.15.0-136-generic #140-Ubuntu SMP Thu Jan 28 05:20:47 UTC 2021 x86_64

Autoconf:
autoconf (GNU Autoconf) 2.69
Copyright (C) 2012 Free Software Foundation, Inc.
License GPLv3+/Autoconf: GNU GPL version 3 or later
<http://gnu.org/licenses/gpl.html>, <http://gnu.org/licenses/exceptions.html>
This is free software: you are free to change and redistribute it.
There is NO WARRANTY, to the extent permitted by law.

Written by David J. MacKenzie and Akim Demaille.

Bundled Libtool:
ltmain.sh (GNU libtool) 1.5.26 (1.1220.2.492 2008/01/30 06:40:56)

Copyright (C) 2008  Free Software Foundation, Inc.
This is free software; see the source for copying conditions.  There is NO
warranty; not even for MERCHANTABILITY or FITNESS FOR A PARTICULAR PURPOSE.

System Libtool:
N/A
Compiler:
Using built-in specs.
COLLECT_GCC=cc
COLLECT_LTO_WRAPPER=/usr/lib/gcc/x86_64-linux-gnu/4.9/lto-wrapper
Target: x86_64-linux-gnu
Configured with: ../src/configure -v --with-pkgversion='Debian 4.9.2-10+deb8u2' --with-bugurl=file:///usr/share/doc/gcc-4.9/README.Bugs --enable-languages=c,c++,java,go,d,fortran,objc,obj-c++ --prefix=/usr --program-suffix=-4.9 --enable-shared --enable-linker-build-id --libexecdir=/usr/lib --without-included-gettext --enable-threads=posix --with-gxx-include-dir=/usr/include/c++/4.9 --libdir=/usr/lib --enable-nls --with-sysroot=/ --enable-clocale=gnu --enable-libstdcxx-debug --enable-libstdcxx-time=yes --enable-gnu-unique-object --disable-vtable-verify --enable-plugin --with-system-zlib --disable-browser-plugin --enable-java-awt=gtk --enable-gtk-cairo --with-java-home=/usr/lib/jvm/java-1.5.0-gcj-4.9-amd64/jre --enable-java-home --with-jvm-root-dir=/usr/lib/jvm/java-1.5.0-gcj-4.9-amd64 --with-jvm-jar-dir=/usr/lib/jvm-exports/java-1.5.0-gcj-4.9-amd64 --with-arch-directory=amd64 --with-ecj-jar=/usr/share/java/eclipse-ecj.jar --enable-objc-gc --enable-multiarch --with-arch-32=i586 --with-abi=m64 --with-multilib-list=m32,m64,mx32 --enable-multilib --with-tune=generic --enable-checking=release --build=x86_64-linux-gnu --host=x86_64-linux-gnu --target=x86_64-linux-gnu
Thread model: posix
gcc version 4.9.2 (Debian 4.9.2-10+deb8u2) 

Bison:

Libraries:
	linux-vdso.so.1 (0x00007ffec3395000)
	libpthread.so.0 => /lib/x86_64-linux-gnu/libpthread.so.0 (0x00007f680109d000)
	libcrypt.so.1 => /lib/x86_64-linux-gnu/libcrypt.so.1 (0x00007f6800e66000)
	libz.so.1 => /lib/x86_64-linux-gnu/libz.so.1 (0x00007f6800c4b000)
	libexslt.so.0 => /usr/lib/x86_64-linux-gnu/libexslt.so.0 (0x00007f6800a35000)
	libresolv.so.2 => /lib/x86_64-linux-gnu/libresolv.so.2 (0x00007f680081e000)
	libssh2.so.1 => /usr/lib/x86_64-linux-gnu/libssh2.so.1 (0x00007f68005f4000)
	libreadline.so.6 => /lib/x86_64-linux-gnu/libreadline.so.6 (0x00007f68003aa000)
	libtinfo.so.5 => /lib/x86_64-linux-gnu/libtinfo.so.5 (0x00007f6800180000)
	librt.so.1 => /lib/x86_64-linux-gnu/librt.so.1 (0x00007f67fff78000)
	libmcrypt.so.4 => /usr/lib/libmcrypt.so.4 (0x00007f67ffd46000)
	libX11.so.6 => /usr/lib/x86_64-linux-gnu/libX11.so.6 (0x00007f67ffa03000)
	libXpm.so.4 => /usr/lib/x86_64-linux-gnu/libXpm.so.4 (0x00007f67ff7f1000)
	libpng12.so.0 => /lib/x86_64-linux-gnu/libpng12.so.0 (0x00007f67ff5ca000)
	libjpeg.so.62 => /usr/lib/x86_64-linux-gnu/libjpeg.so.62 (0x00007f67ff373000)
	libbz2.so.1.0 => /lib/x86_64-linux-gnu/libbz2.so.1.0 (0x00007f67ff163000)
	libm.so.6 => /lib/x86_64-linux-gnu/libm.so.6 (0x00007f67fee62000)
	libdl.so.2 => /lib/x86_64-linux-gnu/libdl.so.2 (0x00007f67fec5e000)
	libnsl.so.1 => /lib/x86_64-linux-gnu/libnsl.so.1 (0x00007f67fea46000)
	libsystemd.so.0 => /lib/x86_64-linux-gnu/libsystemd.so.0 (0x00007f67fe822000)
	libxml2.so.2 => /usr/lib/x86_64-linux-gnu/libxml2.so.2 (0x00007f67fe4bb000)
	libssl.so.1.0.0 => /usr/lib/x86_64-linux-gnu/libssl.so.1.0.0 (0x00007f67fe25a000)
	libcrypto.so.1.0.0 => /usr/lib/x86_64-linux-gnu/libcrypto.so.1.0.0 (0x00007f67fde5d000)
	libcurl.so.4 => /usr/lib/x86_64-linux-gnu/libcurl.so.4 (0x00007f67fdbea000)
	libfreetype.so.6 => /usr/lib/x86_64-linux-gnu/libfreetype.so.6 (0x00007f67fd940000)
	libmysqlclient.so.18 => /usr/lib/x86_64-linux-gnu/libmysqlclient.so.18 (0x00007f67fd3fd000)
	libxslt.so.1 => /usr/lib/x86_64-linux-gnu/libxslt.so.1 (0x00007f67fd1be000)
	libc.so.6 => /lib/x86_64-linux-gnu/libc.so.6 (0x00007f67fce13000)
	/lib64/ld-linux-x86-64.so.2 (0x00007f68021c2000)
	libgcrypt.so.20 => /lib/x86_64-linux-gnu/libgcrypt.so.20 (0x00007f67fcb31000)
	libxcb.so.1 => /usr/lib/x86_64-linux-gnu/libxcb.so.1 (0x00007f67fc90f000)
	liblzma.so.5 => /lib/x86_64-linux-gnu/liblzma.so.5 (0x00007f67fc6ec000)
	libidn.so.11 => /usr/lib/x86_64-linux-gnu/libidn.so.11 (0x00007f67fc4b8000)
	librtmp.so.1 => /usr/lib/x86_64-linux-gnu/librtmp.so.1 (0x00007f67fc29b000)
	libgssapi_krb5.so.2 => /usr/lib/x86_64-linux-gnu/libgssapi_krb5.so.2 (0x00007f67fc050000)
	libkrb5.so.3 => /usr/lib/x86_64-linux-gnu/libkrb5.so.3 (0x00007f67fbd7c000)
	libk5crypto.so.3 => /usr/lib/x86_64-linux-gnu/libk5crypto.so.3 (0x00007f67fbb4b000)
	libcom_err.so.2 => /lib/x86_64-linux-gnu/libcom_err.so.2 (0x00007f67fb947000)
	liblber-2.4.so.2 => /usr/lib/x86_64-linux-gnu/liblber-2.4.so.2 (0x00007f67fb738000)
	libldap_r-2.4.so.2 => /usr/lib/x86_64-linux-gnu/libldap_r-2.4.so.2 (0x00007f67fb4e6000)
	libstdc++.so.6 => /usr/lib/x86_64-linux-gnu/libstdc++.so.6 (0x00007f67fb1db000)
	libgcc_s.so.1 => /lib/x86_64-linux-gnu/libgcc_s.so.1 (0x00007f67fafc5000)
	libgpg-error.so.0 => /lib/x86_64-linux-gnu/libgpg-error.so.0 (0x00007f67fadb3000)
	libXau.so.6 => /usr/lib/x86_64-linux-gnu/libXau.so.6 (0x00007f67fabaf000)
	libXdmcp.so.6 => /usr/lib/x86_64-linux-gnu/libXdmcp.so.6 (0x00007f67fa9aa000)
	libgnutls-deb0.so.28 => /usr/lib/x86_64-linux-gnu/libgnutls-deb0.so.28 (0x00007f67fa684000)
	libhogweed.so.2 => /usr/lib/x86_64-linux-gnu/libhogweed.so.2 (0x00007f67fa455000)
	libnettle.so.4 => /usr/lib/x86_64-linux-gnu/libnettle.so.4 (0x00007f67fa223000)
	libgmp.so.10 => /usr/lib/x86_64-linux-gnu/libgmp.so.10 (0x00007f67f9fa0000)
	libkrb5support.so.0 => /usr/lib/x86_64-linux-gnu/libkrb5support.so.0 (0x00007f67f9d94000)
	libkeyutils.so.1 => /lib/x86_64-linux-gnu/libkeyutils.so.1 (0x00007f67f9b90000)
	libsasl2.so.2 => /usr/lib/x86_64-linux-gnu/libsasl2.so.2 (0x00007f67f9974000)
	libp11-kit.so.0 => /usr/lib/x86_64-linux-gnu/libp11-kit.so.0 (0x00007f67f972e000)
	libtasn1.so.6 => /usr/lib/x86_64-linux-gnu/libtasn1.so.6 (0x00007f67f951a000)
	libffi.so.6 => /usr/lib/x86_64-linux-gnu/libffi.so.6 (0x00007f67f9311000)



================================================================================
PHPINFO
================================================================================
phpinfo()
PHP Version => 7.1.33

System => Linux 2ddc6e06a487 4.15.0-136-generic #140-Ubuntu SMP Thu Jan 28 05:20:47 UTC 2021 x86_64
Build Date => Mar  4 2021 22:42:29
Configure Command =>  './configure'  '--prefix=/usr' '--sysconfdir=/etc/php' '--with-config-file-path=/etc/php' '--with-config-file-scan-dir=/etc/php/conf.d' '--datadir=/usr/share/php' '--mandir=/usr/share/man' '--localstatedir=/var' '--disable-debug' '--disable-rpath' '--disable-cgi' '--with-pic' '--with-apxs2=/usr/bin/apxs' '--with-zlib-dir=/usr' '--with-pdo-mysql=/usr' '--with-mysqli=/usr/bin/mysql_config' '--with-bz2' '--with-curl' '--with-gettext' '--with-iconv' '--with-mhash' '--with-openssl' '--with-xsl' '--with-zlib' '--with-mcrypt' '--enable-gd-native-ttf' '--enable-phpdbg' '--enable-phpdbg-webhelper' '--enable-fpm' '--with-fpm-systemd' '--with-pear=/usr/share/php' '--with-gd' '--with-freetype-dir=/usr' '--with-jpeg-dir=/usr' '--with-xpm-dir=/usr,/usr/X11R6' '--with-png-dir=/usr' '--with-readline=/usr' '--with-pcre-regex' '--enable-zip' '--enable-wddx' '--enable-apcu' '--with-regex' '--with-mysql=shared' '--enable-oauth' '--with-ssh2' '--enable-bcmath' '--enable-ctype' '--enable-dom' '--enable-ftp' '--enable-json' '--enable-mbstring' '--enable-pdo' '--enable-posix' '--enable-session' '--enable-simplexml' '--enable-soap' '--enable-sockets' '--enable-sysvmsg' '--enable-sysvsem' '--enable-sysvshm' '--enable-xml' '--enable-xmlreader' '--enable-xmlwriter'
Server API => Command Line Interface
Virtual Directory Support => disabled
Configuration File (php.ini) Path => /etc/php
Loaded Configuration File => (none)
Scan this dir for additional .ini files => /etc/php/conf.d
Additional .ini files parsed => (none)
PHP API => 20160303
PHP Extension => 20160303
Zend Extension => 320160303
Zend Extension Build => API320160303,NTS
PHP Extension Build => API20160303,NTS
Debug Build => no
Thread Safety => disabled
Zend Signal Handling => enabled
Zend Memory Manager => enabled
Zend Multibyte Support => provided by mbstring
IPv6 Support => enabled
DTrace Support => disabled

Registered PHP Streams => https, ftps, compress.zlib, compress.bzip2, php, file, glob, data, http, ftp, ssh2.shell, ssh2.exec, ssh2.tunnel, ssh2.scp, ssh2.sftp, phar, zip
Registered Stream Socket Transports => tcp, udp, unix, udg, ssl, tls, tlsv1.0, tlsv1.1, tlsv1.2
Registered Stream Filters => zlib.*, bzip2.*, convert.iconv.*, mcrypt.*, mdecrypt.*, string.rot13, string.toupper, string.tolower, string.strip_tags, convert.*, consumed, dechunk

This program makes use of the Zend Scripting Language Engine:
Zend Engine v3.1.0, Copyright (c) 1998-2018 Zend Technologies


 _______________________________________________________________________


Configuration

apcu

APCu Support => Disabled
Version => 5.1.20
APCu Debugging => Disabled
MMAP Support => Enabled
MMAP File Mask =>  
Serialization Support => Disabled
Build Date => Mar  4 2021 22:40:41

Directive => Local Value => Master Value
apc.coredump_unmap => Off => Off
apc.enable_cli => Off => Off
apc.enabled => On => On
apc.entries_hint => 4096 => 4096
apc.gc_ttl => 3600 => 3600
apc.mmap_file_mask => no value => no value
apc.preload_path => no value => no value
apc.serializer => php => php
apc.shm_segments => 1 => 1
apc.shm_size => 32M => 32M
apc.slam_defense => Off => Off
apc.smart => 0 => 0
apc.ttl => 0 => 0
apc.use_request_time => Off => Off

bcmath

BCMath support => enabled

Directive => Local Value => Master Value
bcmath.scale => 0 => 0

bz2

BZip2 Support => Enabled
Stream Wrapper support => compress.bzip2://
Stream Filter support => bzip2.decompress, bzip2.compress
BZip2 Version => 1.0.6, 6-Sept-2010

Core

PHP Version => 7.1.33

Directive => Local Value => Master Value
allow_url_fopen => On => On
allow_url_include => Off => Off
arg_separator.input => & => &
arg_separator.output => & => &
auto_append_file => no value => no value
auto_globals_jit => On => On
auto_prepend_file => no value => no value
browscap => no value => no value
default_charset => UTF-8 => UTF-8
default_mimetype => text/html => text/html
disable_classes => no value => no value
disable_functions => no value => no value
display_errors => STDERR => STDERR
display_startup_errors => Off => Off
doc_root => no value => no value
docref_ext => no value => no value
docref_root => no value => no value
enable_dl => On => On
enable_post_data_reading => On => On
error_append_string => no value => no value
error_log => no value => no value
error_prepend_string => no value => no value
error_reporting => no value => no value
expose_php => On => On
extension_dir => /usr/lib/php/extensions => /usr/lib/php/extensions
file_uploads => On => On
hard_timeout => 2 => 2
highlight.comment => <font style="color: #FF8000">#FF8000</font> => <font style="color: #FF8000">#FF8000</font>
highlight.default => <font style="color: #0000BB">#0000BB</font> => <font style="color: #0000BB">#0000BB</font>
highlight.html => <font style="color: #000000">#000000</font> => <font style="color: #000000">#000000</font>
highlight.keyword => <font style="color: #007700">#007700</font> => <font style="color: #007700">#007700</font>
highlight.string => <font style="color: #DD0000">#DD0000</font> => <font style="color: #DD0000">#DD0000</font>
html_errors => Off => Off
ignore_repeated_errors => Off => Off
ignore_repeated_source => Off => Off
ignore_user_abort => Off => Off
implicit_flush => On => On
include_path => .:/usr/share/php => .:/usr/share/php
input_encoding => no value => no value
internal_encoding => no value => no value
log_errors => Off => Off
log_errors_max_len => 1024 => 1024
mail.add_x_header => Off => Off
mail.force_extra_parameters => no value => no value
mail.log => no value => no value
max_execution_time => 0 => 0
max_file_uploads => 20 => 20
max_input_nesting_level => 64 => 64
max_input_time => -1 => -1
max_input_vars => 1000 => 1000
memory_limit => 128M => 128M
open_basedir => no value => no value
output_buffering => 0 => 0
output_encoding => no value => no value
output_handler => no value => no value
post_max_size => 8M => 8M
precision => 14 => 14
realpath_cache_size => 4096K => 4096K
realpath_cache_ttl => 120 => 120
register_argc_argv => On => On
report_memleaks => On => On
report_zend_debug => Off => Off
request_order => no value => no value
sendmail_from => no value => no value
sendmail_path =>  -t -i  =>  -t -i 
serialize_precision => -1 => -1
short_open_tag => On => On
SMTP => localhost => localhost
smtp_port => 25 => 25
sql.safe_mode => Off => Off
sys_temp_dir => no value => no value
track_errors => Off => Off
unserialize_callback_func => no value => no value
upload_max_filesize => 2M => 2M
upload_tmp_dir => no value => no value
user_dir => no value => no value
user_ini.cache_ttl => 300 => 300
user_ini.filename => .user.ini => .user.ini
variables_order => EGPCS => EGPCS
xmlrpc_error_number => 0 => 0
xmlrpc_errors => Off => Off
zend.assertions => 1 => 1
zend.detect_unicode => On => On
zend.enable_gc => On => On
zend.multibyte => Off => Off
zend.script_encoding => no value => no value
zend.signal_check => Off => Off

ctype

ctype functions => enabled

curl

cURL support => enabled
cURL Information => 7.38.0
Age => 3
Features
AsynchDNS => Yes
CharConv => No
Debug => No
GSS-Negotiate => No
IDN => Yes
IPv6 => Yes
krb4 => No
Largefile => Yes
libz => Yes
NTLM => Yes
NTLMWB => Yes
SPNEGO => Yes
SSL => Yes
SSPI => No
TLS-SRP => Yes
HTTP2 => No
GSSAPI => Yes
Protocols => dict, file, ftp, ftps, gopher, http, https, imap, imaps, ldap, ldaps, pop3, pop3s, rtmp, rtsp, scp, sftp, smtp, smtps, telnet, tftp
Host => x86_64-pc-linux-gnu
SSL Version => OpenSSL/1.0.1t
ZLib Version => 1.2.8
libSSH Version => libssh2/1.4.3

date

date/time support => enabled
timelib version => 2016.05
"Olson" Timezone Database Version => 2018.7
Timezone Database => internal
Default timezone => UTC

Directive => Local Value => Master Value
date.default_latitude => 31.7667 => 31.7667
date.default_longitude => 35.2333 => 35.2333
date.sunrise_zenith => 90.583333 => 90.583333
date.sunset_zenith => 90.583333 => 90.583333
date.timezone => no value => no value

dom

DOM/XML => enabled
DOM/XML API Version => 20031129
libxml Version => 2.9.1
HTML Support => enabled
XPath Support => enabled
XPointer Support => enabled
Schema Support => enabled
RelaxNG Support => enabled

ereg

Regex Library => Bundled library enabled

fileinfo

fileinfo support => enabled
version => 1.0.5
libmagic => 522

filter

Input Validation and Filtering => enabled
Revision => $Id: 5a34caaa246b9df197f4b43af8ac66a07464fe4b $

Directive => Local Value => Master Value
filter.default => unsafe_raw => unsafe_raw
filter.default_flags => no value => no value

ftp

FTP support => enabled
FTPS support => enabled

gd

GD Support => enabled
GD Version => bundled (2.1.0 compatible)
FreeType Support => enabled
FreeType Linkage => with freetype
FreeType Version => 2.5.2
GIF Read Support => enabled
GIF Create Support => enabled
JPEG Support => enabled
libJPEG Version => 6b
PNG Support => enabled
libPNG Version => 1.2.50
WBMP Support => enabled
XPM Support => enabled
libXpm Version => 30411
XBM Support => enabled

Directive => Local Value => Master Value
gd.jpeg_ignore_warning => 1 => 1

gettext

GetText Support => enabled

hash

hash support => enabled
Hashing Engines => md2 md4 md5 sha1 sha224 sha256 sha384 sha512/224 sha512/256 sha512 sha3-224 sha3-256 sha3-384 sha3-512 ripemd128 ripemd160 ripemd256 ripemd320 whirlpool tiger128,3 tiger160,3 tiger192,3 tiger128,4 tiger160,4 tiger192,4 snefru snefru256 gost gost-crypto adler32 crc32 crc32b fnv132 fnv1a32 fnv164 fnv1a64 joaat haval128,3 haval160,3 haval192,3 haval224,3 haval256,3 haval128,4 haval160,4 haval192,4 haval224,4 haval256,4 haval128,5 haval160,5 haval192,5 haval224,5 haval256,5 

MHASH support => Enabled
MHASH API Version => Emulated Support

iconv

iconv support => enabled
iconv implementation => glibc
iconv library version => 2.19

Directive => Local Value => Master Value
iconv.input_encoding => no value => no value
iconv.internal_encoding => no value => no value
iconv.output_encoding => no value => no value

json

json support => enabled
json version => 1.5.0

libxml

libXML support => active
libXML Compiled Version => 2.9.1
libXML Loaded Version => 20901
libXML streams => enabled

mbstring

Multibyte Support => enabled
Multibyte string engine => libmbfl
HTTP input encoding translation => disabled
libmbfl version => 1.3.2
oniguruma version => 5.9.6

mbstring extension makes use of "streamable kanji code filter and converter", which is distributed under the GNU Lesser General Public License version 2.1.

Multibyte (japanese) regex support => enabled
Multibyte regex (oniguruma) backtrack check => On
Multibyte regex (oniguruma) version => 5.9.6

Directive => Local Value => Master Value
mbstring.detect_order => no value => no value
mbstring.encoding_translation => Off => Off
mbstring.func_overload => 0 => 0
mbstring.http_input => no value => no value
mbstring.http_output => no value => no value
mbstring.http_output_conv_mimetypes => ^(text/|application/xhtml\+xml) => ^(text/|application/xhtml\+xml)
mbstring.internal_encoding => no value => no value
mbstring.language => neutral => neutral
mbstring.strict_detection => Off => Off
mbstring.substitute_character => no value => no value

mcrypt

mcrypt support => enabled
mcrypt_filter support => enabled
Version => 2.5.8
Api No => 20021217
Supported ciphers => cast-128 gost rijndael-128 twofish arcfour cast-256 loki97 rijndael-192 saferplus wake blowfish-compat des rijndael-256 serpent xtea blowfish enigma rc2 tripledes 
Supported modes => cbc cfb ctr ecb ncfb nofb ofb stream 

Directive => Local Value => Master Value
mcrypt.algorithms_dir => no value => no value
mcrypt.modes_dir => no value => no value

mysqli

MysqlI Support => enabled
Client API library version => 5.5.62
Active Persistent Links => 0
Inactive Persistent Links => 0
Active Links => 0
Client API header version => 5.5.62
MYSQLI_SOCKET => /var/run/mysqld/mysqld.sock

Directive => Local Value => Master Value
mysqli.allow_local_infile => On => On
mysqli.allow_persistent => On => On
mysqli.default_host => no value => no value
mysqli.default_port => 3306 => 3306
mysqli.default_pw => no value => no value
mysqli.default_socket => no value => no value
mysqli.default_user => no value => no value
mysqli.max_links => Unlimited => Unlimited
mysqli.max_persistent => Unlimited => Unlimited
mysqli.reconnect => Off => Off
mysqli.rollback_on_cached_plink => Off => Off

mysqlnd

mysqlnd => enabled
Version => mysqlnd 5.0.12-dev - 20150407 - $Id: 38fea24f2847fa7519001be390c98ae0acafe387 $
Compression => supported
core SSL => supported
extended SSL => supported
Command buffer size => 4096
Read buffer size => 32768
Read timeout => 31536000
Collecting statistics => Yes
Collecting memory statistics => No
Tracing => n/a
Loaded plugins => mysqlnd,debug_trace,auth_plugin_mysql_native_password,auth_plugin_mysql_clear_password,auth_plugin_sha256_password
API Extensions =>  

mysqlnd statistics =>  
bytes_sent => 0
bytes_received => 0
packets_sent => 0
packets_received => 0
protocol_overhead_in => 0
protocol_overhead_out => 0
bytes_received_ok_packet => 0
bytes_received_eof_packet => 0
bytes_received_rset_header_packet => 0
bytes_received_rset_field_meta_packet => 0
bytes_received_rset_row_packet => 0
bytes_received_prepare_response_packet => 0
bytes_received_change_user_packet => 0
packets_sent_command => 0
packets_received_ok => 0
packets_received_eof => 0
packets_received_rset_header => 0
packets_received_rset_field_meta => 0
packets_received_rset_row => 0
packets_received_prepare_response => 0
packets_received_change_user => 0
result_set_queries => 0
non_result_set_queries => 0
no_index_used => 0
bad_index_used => 0
slow_queries => 0
buffered_sets => 0
unbuffered_sets => 0
ps_buffered_sets => 0
ps_unbuffered_sets => 0
flushed_normal_sets => 0
flushed_ps_sets => 0
ps_prepared_never_executed => 0
ps_prepared_once_executed => 0
rows_fetched_from_server_normal => 0
rows_fetched_from_server_ps => 0
rows_buffered_from_client_normal => 0
rows_buffered_from_client_ps => 0
rows_fetched_from_client_normal_buffered => 0
rows_fetched_from_client_normal_unbuffered => 0
rows_fetched_from_client_ps_buffered => 0
rows_fetched_from_client_ps_unbuffered => 0
rows_fetched_from_client_ps_cursor => 0
rows_affected_normal => 0
rows_affected_ps => 0
rows_skipped_normal => 0
rows_skipped_ps => 0
copy_on_write_saved => 0
copy_on_write_performed => 0
command_buffer_too_small => 0
connect_success => 0
connect_failure => 0
connection_reused => 0
reconnect => 0
pconnect_success => 0
active_connections => 0
active_persistent_connections => 0
explicit_close => 0
implicit_close => 0
disconnect_close => 0
in_middle_of_command_close => 0
explicit_free_result => 0
implicit_free_result => 0
explicit_stmt_close => 0
implicit_stmt_close => 0
mem_emalloc_count => 0
mem_emalloc_amount => 0
mem_ecalloc_count => 0
mem_ecalloc_amount => 0
mem_erealloc_count => 0
mem_erealloc_amount => 0
mem_efree_count => 0
mem_efree_amount => 0
mem_malloc_count => 0
mem_malloc_amount => 0
mem_calloc_count => 0
mem_calloc_amount => 0
mem_realloc_count => 0
mem_realloc_amount => 0
mem_free_count => 0
mem_free_amount => 0
mem_estrndup_count => 0
mem_strndup_count => 0
mem_estrdup_count => 0
mem_strdup_count => 0
mem_edupl_count => 0
mem_dupl_count => 0
proto_text_fetched_null => 0
proto_text_fetched_bit => 0
proto_text_fetched_tinyint => 0
proto_text_fetched_short => 0
proto_text_fetched_int24 => 0
proto_text_fetched_int => 0
proto_text_fetched_bigint => 0
proto_text_fetched_decimal => 0
proto_text_fetched_float => 0
proto_text_fetched_double => 0
proto_text_fetched_date => 0
proto_text_fetched_year => 0
proto_text_fetched_time => 0
proto_text_fetched_datetime => 0
proto_text_fetched_timestamp => 0
proto_text_fetched_string => 0
proto_text_fetched_blob => 0
proto_text_fetched_enum => 0
proto_text_fetched_set => 0
proto_text_fetched_geometry => 0
proto_text_fetched_other => 0
proto_binary_fetched_null => 0
proto_binary_fetched_bit => 0
proto_binary_fetched_tinyint => 0
proto_binary_fetched_short => 0
proto_binary_fetched_int24 => 0
proto_binary_fetched_int => 0
proto_binary_fetched_bigint => 0
proto_binary_fetched_decimal => 0
proto_binary_fetched_float => 0
proto_binary_fetched_double => 0
proto_binary_fetched_date => 0
proto_binary_fetched_year => 0
proto_binary_fetched_time => 0
proto_binary_fetched_datetime => 0
proto_binary_fetched_timestamp => 0
proto_binary_fetched_string => 0
proto_binary_fetched_json => 0
proto_binary_fetched_blob => 0
proto_binary_fetched_enum => 0
proto_binary_fetched_set => 0
proto_binary_fetched_geometry => 0
proto_binary_fetched_other => 0
init_command_executed_count => 0
init_command_failed_count => 0
com_quit => 0
com_init_db => 0
com_query => 0
com_field_list => 0
com_create_db => 0
com_drop_db => 0
com_refresh => 0
com_shutdown => 0
com_statistics => 0
com_process_info => 0
com_connect => 0
com_process_kill => 0
com_debug => 0
com_ping => 0
com_time => 0
com_delayed_insert => 0
com_change_user => 0
com_binlog_dump => 0
com_table_dump => 0
com_connect_out => 0
com_register_slave => 0
com_stmt_prepare => 0
com_stmt_execute => 0
com_stmt_send_long_data => 0
com_stmt_close => 0
com_stmt_reset => 0
com_stmt_set_option => 0
com_stmt_fetch => 0
com_deamon => 0
bytes_received_real_data_normal => 0
bytes_received_real_data_ps => 0

OAuth

OAuth support => enabled
PLAINTEXT support => enabled
RSA-SHA1 support => enabled
HMAC-SHA1 support => enabled
Request engine support => php_streams, curl
version => 2.0.7

openssl

OpenSSL support => enabled
OpenSSL Library Version => OpenSSL 1.0.1t  3 May 2016
OpenSSL Header Version => OpenSSL 1.0.1t  3 May 2016
Openssl default config => /usr/lib/ssl/openssl.cnf

Directive => Local Value => Master Value
openssl.cafile => no value => no value
openssl.capath => no value => no value

pcre

PCRE (Perl Compatible Regular Expressions) Support => enabled
PCRE Library Version => 8.38 2015-11-23
PCRE JIT Support => enabled

Directive => Local Value => Master Value
pcre.backtrack_limit => 1000000 => 1000000
pcre.jit => 1 => 1
pcre.recursion_limit => 100000 => 100000

PDO

PDO support => enabled
PDO drivers => mysql, sqlite

pdo_mysql

PDO Driver for MySQL => enabled
Client API version => 5.5.62

Directive => Local Value => Master Value
pdo_mysql.default_socket => /var/run/mysqld/mysqld.sock => /var/run/mysqld/mysqld.sock

pdo_sqlite

PDO Driver for SQLite 3.x => enabled
SQLite Library => 3.28.0

Phar

Phar: PHP Archive support => enabled
Phar EXT version => 2.0.2
Phar API version => 1.1.1
SVN revision => $Id: e117ab0dc068703c55b505e78a0d3b3752e9c0b7 $
Phar-based phar archives => enabled
Tar-based phar archives => enabled
ZIP-based phar archives => enabled
gzip compression => enabled
bzip2 compression => enabled
Native OpenSSL support => enabled


Phar based on pear/PHP_Archive, original concept by Davey Shafik.
Phar fully realized by Gregory Beaver and Marcus Boerger.
Portions of tar implementation Copyright (c) 2003-2009 Tim Kientzle.
Directive => Local Value => Master Value
phar.cache_list => no value => no value
phar.readonly => On => On
phar.require_hash => On => On

phpdbg_webhelper

Version => 0.5.0

Directive => Local Value => Master Value
phpdbg.auth => no value => no value
phpdbg.path => no value => no value

posix

Revision => $Id: e3a2bc739dee8e0d29094e30e1cfbe3e87e2ceb4 $

readline

Readline Support => enabled
Readline library => 6.3

Directive => Local Value => Master Value
cli.pager => no value => no value
cli.prompt => \b \>  => \b \> 

Reflection

Reflection => enabled
Version => $Id: 279be19a9e466fb7cfea9841a630521f99644504 $

session

Session Support => enabled
Registered save handlers => files user 
Registered serializer handlers => php_serialize php php_binary wddx 

Directive => Local Value => Master Value
session.auto_start => Off => Off
session.cache_expire => 180 => 180
session.cache_limiter => nocache => nocache
session.cookie_domain => no value => no value
session.cookie_httponly => Off => Off
session.cookie_lifetime => 0 => 0
session.cookie_path => / => /
session.cookie_secure => Off => Off
session.gc_divisor => 100 => 100
session.gc_maxlifetime => 1440 => 1440
session.gc_probability => 1 => 1
session.lazy_write => On => On
session.name => PHPSESSID => PHPSESSID
session.referer_check => no value => no value
session.save_handler => files => files
session.save_path => no value => no value
session.serialize_handler => php => php
session.sid_bits_per_character => 4 => 4
session.sid_length => 32 => 32
session.upload_progress.cleanup => On => On
session.upload_progress.enabled => On => On
session.upload_progress.freq => 1% => 1%
session.upload_progress.min_freq => 1 => 1
session.upload_progress.name => PHP_SESSION_UPLOAD_PROGRESS => PHP_SESSION_UPLOAD_PROGRESS
session.upload_progress.prefix => upload_progress_ => upload_progress_
session.use_cookies => On => On
session.use_only_cookies => On => On
session.use_strict_mode => Off => Off
session.use_trans_sid => 0 => 0

SimpleXML

Simplexml support => enabled
Revision => $Id: ae067cdcddf424d6e762603905b98798bc924a00 $
Schema support => enabled

soap

Soap Client => enabled
Soap Server => enabled

Directive => Local Value => Master Value
soap.wsdl_cache => 1 => 1
soap.wsdl_cache_dir => /tmp => /tmp
soap.wsdl_cache_enabled => 1 => 1
soap.wsdl_cache_limit => 5 => 5
soap.wsdl_cache_ttl => 86400 => 86400

sockets

Sockets Support => enabled

SPL

SPL support => enabled
Interfaces => Countable, OuterIterator, RecursiveIterator, SeekableIterator, SplObserver, SplSubject
Classes => AppendIterator, ArrayIterator, ArrayObject, BadFunctionCallException, BadMethodCallException, CachingIterator, CallbackFilterIterator, DirectoryIterator, DomainException, EmptyIterator, FilesystemIterator, FilterIterator, GlobIterator, InfiniteIterator, InvalidArgumentException, IteratorIterator, LengthException, LimitIterator, LogicException, MultipleIterator, NoRewindIterator, OutOfBoundsException, OutOfRangeException, OverflowException, ParentIterator, RangeException, RecursiveArrayIterator, RecursiveCachingIterator, RecursiveCallbackFilterIterator, RecursiveDirectoryIterator, RecursiveFilterIterator, RecursiveIteratorIterator, RecursiveRegexIterator, RecursiveTreeIterator, RegexIterator, RuntimeException, SplDoublyLinkedList, SplFileInfo, SplFileObject, SplFixedArray, SplHeap, SplMinHeap, SplMaxHeap, SplObjectStorage, SplPriorityQueue, SplQueue, SplStack, SplTempFileObject, UnderflowException, UnexpectedValueException

sqlite3

SQLite3 support => enabled
SQLite3 module version => 7.1.33
SQLite Library => 3.28.0

Directive => Local Value => Master Value
sqlite3.defensive => 1 => 1
sqlite3.extension_dir => no value => no value

ssh2

SSH2 support => enabled
extension version => 1.3.1
libssh2 version => 1.4.3
banner => SSH-2.0-libssh2_1.4.3

standard

Dynamic Library Support => enabled
Path to sendmail =>  -t -i 

Directive => Local Value => Master Value
assert.active => 1 => 1
assert.bail => 0 => 0
assert.callback => no value => no value
assert.exception => 0 => 0
assert.quiet_eval => 0 => 0
assert.warning => 1 => 1
auto_detect_line_endings => 0 => 0
default_socket_timeout => 60 => 60
from => no value => no value
session.trans_sid_hosts => no value => no value
session.trans_sid_tags => a=href,area=href,frame=src,form= => a=href,area=href,frame=src,form=
url_rewriter.hosts => no value => no value
url_rewriter.tags => form= => form=
user_agent => no value => no value

sysvmsg

sysvmsg support => enabled
Revision => $Id: 483c70b5c54718693a4b95633a097e33d1120ba9 $

sysvsem

Version => 7.1.33

sysvshm

Version => 7.1.33

tokenizer

Tokenizer Support => enabled

wddx

WDDX Support => enabled
WDDX Session Serializer => enabled

xml

XML Support => active
XML Namespace Support => active
libxml2 Version => 2.9.1

xmlreader

XMLReader => enabled

xmlwriter

XMLWriter => enabled

xsl

XSL => enabled
libxslt Version => 1.1.28
libxslt compiled against libxml Version => 2.9.1
EXSLT => enabled
libexslt Version => 1.1.28

zip

Zip => enabled
Zip version => 1.13.5
Libzip version => 1.1.2

zlib

ZLib Support => enabled
Stream Wrapper => compress.zlib://
Stream Filter => zlib.inflate, zlib.deflate
Compiled Version => 1.2.8
Linked Version => 1.2.8

Directive => Local Value => Master Value
zlib.output_compression => Off => Off
zlib.output_compression_level => -1 => -1
zlib.output_handler => no value => no value

Additional Modules

Module Name

Environment

Variable => Value
MAIL => /var/mail/cedric
USER => cedric
SSH_CLIENT => deleted
CXXFLAGS => -prefer-pic 
HOSTNAME => 2ddc6e06a487
BUILD_NUM => 3
OBJCFLAGS => -g -O2 -fPIE -fstack-protector-strong -Wformat -Werror=format-security
SHLVL => 1
TEST_PHP_SRCDIR => /usr/src/php
CLI_DEPS => libjpeg62-turbo, libpng12-0, libxpm4, libmcrypt4, libxslt1.1, libcurl3, libfreetype6, libmysqlclient18, libxml2, libreadline6, libc6
HOME => /home/cedric
DEBVER => jessie
SSH_TTY => deleted
LDFLAGS => -fPIE -pie -Wl,-z,relro -Wl,-z,now
DEBNUM => 8
APACHE_RUN_DIR => /var/run/apache2
MAKEFLAGS =>  
APACHE_PID_FILE => /var/run/apache2/apache2.pid
LOGNAME => cedric
TEST_PHP_EXECUTABLE => /usr/src/php/sapi/cli/php
_ => /usr/src/php/sapi/cli/php
PATH => /usr/local/bin:/usr/bin:/bin:/usr/local/games:/usr/games
MAKELEVEL => 1
CFLAGS => -I/usr/include -g -O2 -fvisibility=hidden -Wall -g -DZEND_SIGNALS  -prefer-pic
FCFLAGS => -g -O2 -fPIE -fstack-protector-strong
APACHE_LOCK_DIR => /var/lock/apache2
LANG => C
OBJCXXFLAGS => -g -O2 -fPIE -fstack-protector-strong -Wformat -Werror=format-security
CPPFLAGS =>  
SSH_AUTH_SOCK => deleted
TEST_PHPDBG_EXECUTABLE => /usr/src/php/sapi/phpdbg/phpdbg
SHELL => /bin/sh
APACHE_RUN_USER => www-data
APACHE_RUN_GROUP => www-data
DEB_BUILD_MAINT_OPTIONS => hardening=+all
APACHE_LOG_DIR => /var/log/apache2
PWD => /usr/src/php
FFLAGS => -g -O2 -fPIE -fstack-protector-strong
SSH_CONNECTION => deleted
CC => cc
MFLAGS =>  
TZ => Europe/Paris
GCJFLAGS => -g -O2 -fPIE -fstack-protector-strong

PHP Variables

Variable => Value
$_SERVER['MAIL'] => /var/mail/cedric
$_SERVER['USER'] => cedric
$_SERVER['SSH_CLIENT'] => deleted
$_SERVER['CXXFLAGS'] => -prefer-pic 
$_SERVER['HOSTNAME'] => 2ddc6e06a487
$_SERVER['BUILD_NUM'] => 3
$_SERVER['OBJCFLAGS'] => -g -O2 -fPIE -fstack-protector-strong -Wformat -Werror=format-security
$_SERVER['SHLVL'] => 1
$_SERVER['TEST_PHP_SRCDIR'] => /usr/src/php
$_SERVER['CLI_DEPS'] => libjpeg62-turbo, libpng12-0, libxpm4, libmcrypt4, libxslt1.1, libcurl3, libfreetype6, libmysqlclient18, libxml2, libreadline6, libc6
$_SERVER['HOME'] => /home/cedric
$_SERVER['DEBVER'] => jessie
$_SERVER['SSH_TTY'] => deleted
$_SERVER['LDFLAGS'] => -fPIE -pie -Wl,-z,relro -Wl,-z,now
$_SERVER['DEBNUM'] => 8
$_SERVER['APACHE_RUN_DIR'] => /var/run/apache2
$_SERVER['MAKEFLAGS'] => 
$_SERVER['APACHE_PID_FILE'] => /var/run/apache2/apache2.pid
$_SERVER['LOGNAME'] => cedric
$_SERVER['TEST_PHP_EXECUTABLE'] => /usr/src/php/sapi/cli/php
$_SERVER['_'] => /usr/src/php/sapi/cli/php
$_SERVER['PATH'] => /usr/local/bin:/usr/bin:/bin:/usr/local/games:/usr/games
$_SERVER['MAKELEVEL'] => 1
$_SERVER['CFLAGS'] => -I/usr/include -g -O2 -fvisibility=hidden -Wall -g -DZEND_SIGNALS  -prefer-pic
$_SERVER['FCFLAGS'] => -g -O2 -fPIE -fstack-protector-strong
$_SERVER['APACHE_LOCK_DIR'] => /var/lock/apache2
$_SERVER['LANG'] => C
$_SERVER['OBJCXXFLAGS'] => -g -O2 -fPIE -fstack-protector-strong -Wformat -Werror=format-security
$_SERVER['CPPFLAGS'] => 
$_SERVER['SSH_AUTH_SOCK'] => deleted
$_SERVER['TEST_PHPDBG_EXECUTABLE'] => /usr/src/php/sapi/phpdbg/phpdbg
$_SERVER['SHELL'] => /bin/sh
$_SERVER['APACHE_RUN_USER'] => www-data
$_SERVER['APACHE_RUN_GROUP'] => www-data
$_SERVER['DEB_BUILD_MAINT_OPTIONS'] => hardening=+all
$_SERVER['APACHE_LOG_DIR'] => /var/log/apache2
$_SERVER['PWD'] => /usr/src/php
$_SERVER['FFLAGS'] => -g -O2 -fPIE -fstack-protector-strong
$_SERVER['SSH_CONNECTION'] => deleted
$_SERVER['CC'] => cc
$_SERVER['MFLAGS'] => 
$_SERVER['TZ'] => Europe/Paris
$_SERVER['GCJFLAGS'] => -g -O2 -fPIE -fstack-protector-strong
$_SERVER['PHP_SELF'] => 
$_SERVER['SCRIPT_NAME'] => 
$_SERVER['SCRIPT_FILENAME'] => 
$_SERVER['PATH_TRANSLATED'] => 
$_SERVER['DOCUMENT_ROOT'] => 
$_SERVER['REQUEST_TIME_FLOAT'] => 1614894789.005
$_SERVER['REQUEST_TIME'] => 1614894789
$_SERVER['argv'] => Array
(
)

$_SERVER['argc'] => 0
$_ENV['MAIL'] => /var/mail/cedric
$_ENV['USER'] => cedric
$_ENV['SSH_CLIENT'] => deleted
$_ENV['CXXFLAGS'] => -prefer-pic 
$_ENV['HOSTNAME'] => 2ddc6e06a487
$_ENV['BUILD_NUM'] => 3
$_ENV['OBJCFLAGS'] => -g -O2 -fPIE -fstack-protector-strong -Wformat -Werror=format-security
$_ENV['SHLVL'] => 1
$_ENV['TEST_PHP_SRCDIR'] => /usr/src/php
$_ENV['CLI_DEPS'] => libjpeg62-turbo, libpng12-0, libxpm4, libmcrypt4, libxslt1.1, libcurl3, libfreetype6, libmysqlclient18, libxml2, libreadline6, libc6
$_ENV['HOME'] => /home/cedric
$_ENV['DEBVER'] => jessie
$_ENV['SSH_TTY'] => deleted
$_ENV['LDFLAGS'] => -fPIE -pie -Wl,-z,relro -Wl,-z,now
$_ENV['DEBNUM'] => 8
$_ENV['APACHE_RUN_DIR'] => /var/run/apache2
$_ENV['MAKEFLAGS'] => 
$_ENV['APACHE_PID_FILE'] => /var/run/apache2/apache2.pid
$_ENV['LOGNAME'] => cedric
$_ENV['TEST_PHP_EXECUTABLE'] => /usr/src/php/sapi/cli/php
$_ENV['_'] => /usr/src/php/sapi/cli/php
$_ENV['PATH'] => /usr/local/bin:/usr/bin:/bin:/usr/local/games:/usr/games
$_ENV['MAKELEVEL'] => 1
$_ENV['CFLAGS'] => -I/usr/include -g -O2 -fvisibility=hidden -Wall -g -DZEND_SIGNALS  -prefer-pic
$_ENV['FCFLAGS'] => -g -O2 -fPIE -fstack-protector-strong
$_ENV['APACHE_LOCK_DIR'] => /var/lock/apache2
$_ENV['LANG'] => C
$_ENV['OBJCXXFLAGS'] => -g -O2 -fPIE -fstack-protector-strong -Wformat -Werror=format-security
$_ENV['CPPFLAGS'] => 
$_ENV['SSH_AUTH_SOCK'] => deleted
$_ENV['TEST_PHPDBG_EXECUTABLE'] => /usr/src/php/sapi/phpdbg/phpdbg
$_ENV['SHELL'] => /bin/sh
$_ENV['APACHE_RUN_USER'] => www-data
$_ENV['APACHE_RUN_GROUP'] => www-data
$_ENV['DEB_BUILD_MAINT_OPTIONS'] => hardening=+all
$_ENV['APACHE_LOG_DIR'] => /var/log/apache2
$_ENV['PWD'] => /usr/src/php
$_ENV['FFLAGS'] => -g -O2 -fPIE -fstack-protector-strong
$_ENV['SSH_CONNECTION'] => deleted
$_ENV['CC'] => cc
$_ENV['MFLAGS'] => 
$_ENV['TZ'] => Europe/Paris
$_ENV['GCJFLAGS'] => -g -O2 -fPIE -fstack-protector-strong

PHP License
This program is free software; you can redistribute it and/or modify
it under the terms of the PHP License as published by the PHP Group
and included in the distribution in the file:  LICENSE

This program is distributed in the hope that it will be useful,
but WITHOUT ANY WARRANTY; without even the implied warranty of
MERCHANTABILITY or FITNESS FOR A PARTICULAR PURPOSE.

If you did not receive a copy of the PHP license, or have any
questions about PHP licensing, please contact license@php.net.
